<?xml version="1.0" encoding="UTF-8"?>
<testsuites>
  <testsuite name="/Users/dominikpalatynski/Public/device-measurement-tracker/yii-app/phpunit.xml" tests="236" assertions="641" errors="7" failures="7" skipped="0" time="0.614664">
    <testsuite name="Unit Tests" tests="236" assertions="641" errors="7" failures="7" skipped="0" time="0.614664">
      <testsuite name="tests\unit\commands\MqttControllerSimpleTest" file="/Users/dominikpalatynski/Public/device-measurement-tracker/yii-app/tests/unit/commands/MqttControllerSimpleTest.php" tests="24" assertions="63" errors="0" failures="0" skipped="0" time="0.192000">
        <testcase name="testDependencyInjectionWorks" file="/Users/dominikpalatynski/Public/device-measurement-tracker/yii-app/tests/unit/commands/MqttControllerSimpleTest.php" line="74" class="tests\unit\commands\MqttControllerSimpleTest" classname="tests.unit.commands.MqttControllerSimpleTest" assertions="1" time="0.049422"/>
        <testcase name="testActionSubscribeCallsMqttComponent" file="/Users/dominikpalatynski/Public/device-measurement-tracker/yii-app/tests/unit/commands/MqttControllerSimpleTest.php" line="86" class="tests\unit\commands\MqttControllerSimpleTest" classname="tests.unit.commands.MqttControllerSimpleTest" assertions="5" time="0.013558"/>
        <testcase name="testActionSubscribeHandlesException" file="/Users/dominikpalatynski/Public/device-measurement-tracker/yii-app/tests/unit/commands/MqttControllerSimpleTest.php" line="137" class="tests\unit\commands\MqttControllerSimpleTest" classname="tests.unit.commands.MqttControllerSimpleTest" assertions="2" time="0.006768"/>
        <testcase name="testProcessRealTimeDataMessageHandlesServiceException" file="/Users/dominikpalatynski/Public/device-measurement-tracker/yii-app/tests/unit/commands/MqttControllerSimpleTest.php" line="173" class="tests\unit\commands\MqttControllerSimpleTest" classname="tests.unit.commands.MqttControllerSimpleTest" assertions="4" time="0.009454"/>
        <testcase name="testControllerIdIsCorrect" file="/Users/dominikpalatynski/Public/device-measurement-tracker/yii-app/tests/unit/commands/MqttControllerSimpleTest.php" line="196" class="tests\unit\commands\MqttControllerSimpleTest" classname="tests.unit.commands.MqttControllerSimpleTest" assertions="1" time="0.008200"/>
        <testcase name="testActionSubscribeWithMultipleTopics" file="/Users/dominikpalatynski/Public/device-measurement-tracker/yii-app/tests/unit/commands/MqttControllerSimpleTest.php" line="201" class="tests\unit\commands\MqttControllerSimpleTest" classname="tests.unit.commands.MqttControllerSimpleTest" assertions="4" time="0.005583"/>
        <testcase name="testProcessRealTimeDataMessageWithVariousPayloads" file="/Users/dominikpalatynski/Public/device-measurement-tracker/yii-app/tests/unit/commands/MqttControllerSimpleTest.php" line="223" class="tests\unit\commands\MqttControllerSimpleTest" classname="tests.unit.commands.MqttControllerSimpleTest" assertions="2" time="0.004770"/>
        <testcase name="testControllerInheritance" file="/Users/dominikpalatynski/Public/device-measurement-tracker/yii-app/tests/unit/commands/MqttControllerSimpleTest.php" line="248" class="tests\unit\commands\MqttControllerSimpleTest" classname="tests.unit.commands.MqttControllerSimpleTest" assertions="1" time="0.004714"/>
        <testcase name="testActionSubscribeWithEmptyTopic" file="/Users/dominikpalatynski/Public/device-measurement-tracker/yii-app/tests/unit/commands/MqttControllerSimpleTest.php" line="264" class="tests\unit\commands\MqttControllerSimpleTest" classname="tests.unit.commands.MqttControllerSimpleTest" assertions="3" time="0.004115"/>
        <testcase name="testActionSubscribeWithNullTopic" file="/Users/dominikpalatynski/Public/device-measurement-tracker/yii-app/tests/unit/commands/MqttControllerSimpleTest.php" line="281" class="tests\unit\commands\MqttControllerSimpleTest" classname="tests.unit.commands.MqttControllerSimpleTest" assertions="3" time="0.004040"/>
        <testcase name="testProcessRealTimeDataMessageWithLargePayload" file="/Users/dominikpalatynski/Public/device-measurement-tracker/yii-app/tests/unit/commands/MqttControllerSimpleTest.php" line="298" class="tests\unit\commands\MqttControllerSimpleTest" classname="tests.unit.commands.MqttControllerSimpleTest" assertions="4" time="0.005200"/>
        <testcase name="testMqttComponentConnectionFailure" file="/Users/dominikpalatynski/Public/device-measurement-tracker/yii-app/tests/unit/commands/MqttControllerSimpleTest.php" line="318" class="tests\unit\commands\MqttControllerSimpleTest" classname="tests.unit.commands.MqttControllerSimpleTest" assertions="2" time="0.005267"/>
        <testcase name="testControllerMethodsExist" file="/Users/dominikpalatynski/Public/device-measurement-tracker/yii-app/tests/unit/commands/MqttControllerSimpleTest.php" line="329" class="tests\unit\commands\MqttControllerSimpleTest" classname="tests.unit.commands.MqttControllerSimpleTest" assertions="2" time="0.004316"/>
        <testcase name="testExitCodeConstants" file="/Users/dominikpalatynski/Public/device-measurement-tracker/yii-app/tests/unit/commands/MqttControllerSimpleTest.php" line="346" class="tests\unit\commands\MqttControllerSimpleTest" classname="tests.unit.commands.MqttControllerSimpleTest" assertions="4" time="0.004108"/>
        <testcase name="testProcessRealTimeDataMessageWithMalformedJson" file="/Users/dominikpalatynski/Public/device-measurement-tracker/yii-app/tests/unit/commands/MqttControllerSimpleTest.php" line="356" class="tests\unit\commands\MqttControllerSimpleTest" classname="tests.unit.commands.MqttControllerSimpleTest" assertions="4" time="0.004899"/>
        <testcase name="testServiceDependencyTypes" file="/Users/dominikpalatynski/Public/device-measurement-tracker/yii-app/tests/unit/commands/MqttControllerSimpleTest.php" line="374" class="tests\unit\commands\MqttControllerSimpleTest" classname="tests.unit.commands.MqttControllerSimpleTest" assertions="1" time="0.003975"/>
        <testcase name="testProcessRealTimeDataMessageCallsMeasurementService" file="/Users/dominikpalatynski/Public/device-measurement-tracker/yii-app/tests/unit/commands/MqttControllerSimpleTest.php" line="151" class="tests\unit\commands\MqttControllerSimpleTest" classname="tests.unit.commands.MqttControllerSimpleTest" assertions="4" time="0.004154"/>
        <testcase name="testServicesAreProperlyInjected" file="/Users/dominikpalatynski/Public/device-measurement-tracker/yii-app/tests/unit/commands/MqttControllerSimpleTest.php" line="253" class="tests\unit\commands\MqttControllerSimpleTest" classname="tests.unit.commands.MqttControllerSimpleTest" assertions="1" time="0.004783"/>
        <testcase name="testConstructorInitializesServices" file="/Users/dominikpalatynski/Public/device-measurement-tracker/yii-app/tests/unit/commands/MqttControllerSimpleTest.php" line="59" class="tests\unit\commands\MqttControllerSimpleTest" classname="tests.unit.commands.MqttControllerSimpleTest" assertions="1" time="0.007647"/>
        <testcase name="testControllerWithDifferentModule" file="/Users/dominikpalatynski/Public/device-measurement-tracker/yii-app/tests/unit/commands/MqttControllerSimpleTest.php" line="385" class="tests\unit\commands\MqttControllerSimpleTest" classname="tests.unit.commands.MqttControllerSimpleTest" assertions="2" time="0.008005"/>
        <testcase name="testActionSubscribeWithCustomTopicCallsMqttComponent" file="/Users/dominikpalatynski/Public/device-measurement-tracker/yii-app/tests/unit/commands/MqttControllerSimpleTest.php" line="111" class="tests\unit\commands\MqttControllerSimpleTest" classname="tests.unit.commands.MqttControllerSimpleTest" assertions="5" time="0.004228"/>
        <testcase name="testControllerCanBeInstantiated" file="/Users/dominikpalatynski/Public/device-measurement-tracker/yii-app/tests/unit/commands/MqttControllerSimpleTest.php" line="54" class="tests\unit\commands\MqttControllerSimpleTest" classname="tests.unit.commands.MqttControllerSimpleTest" assertions="1" time="0.003875"/>
        <testcase name="testActionSubscribeCallbackLogic" file="/Users/dominikpalatynski/Public/device-measurement-tracker/yii-app/tests/unit/commands/MqttControllerSimpleTest.php" line="393" class="tests\unit\commands\MqttControllerSimpleTest" classname="tests.unit.commands.MqttControllerSimpleTest" assertions="1" time="0.008271"/>
        <testcase name="testProcessRealTimeDataMessageIsCovered" file="/Users/dominikpalatynski/Public/device-measurement-tracker/yii-app/tests/unit/commands/MqttControllerSimpleTest.php" line="427" class="tests\unit\commands\MqttControllerSimpleTest" classname="tests.unit.commands.MqttControllerSimpleTest" assertions="5" time="0.012648"/>
      </testsuite>
      <testsuite name="tests\unit\filters\JwtAuthFilterTest" file="/Users/dominikpalatynski/Public/device-measurement-tracker/yii-app/tests/unit/filters/JwtAuthFilterTest.php" tests="5" assertions="7" errors="0" failures="0" skipped="0" time="0.008023">
        <testcase name="testValidTokenSetsUser" file="/Users/dominikpalatynski/Public/device-measurement-tracker/yii-app/tests/unit/filters/JwtAuthFilterTest.php" line="77" class="tests\unit\filters\JwtAuthFilterTest" classname="tests.unit.filters.JwtAuthFilterTest" assertions="3" time="0.002660"/>
        <testcase name="testInvalidTokenThrowsUnauthorized" file="/Users/dominikpalatynski/Public/device-measurement-tracker/yii-app/tests/unit/filters/JwtAuthFilterTest.php" line="65" class="tests\unit\filters\JwtAuthFilterTest" classname="tests.unit.filters.JwtAuthFilterTest" assertions="1" time="0.001784"/>
        <testcase name="testRoleCheckThrowsForbidden" file="/Users/dominikpalatynski/Public/device-measurement-tracker/yii-app/tests/unit/filters/JwtAuthFilterTest.php" line="95" class="tests\unit\filters\JwtAuthFilterTest" classname="tests.unit.filters.JwtAuthFilterTest" assertions="1" time="0.000808"/>
        <testcase name="testExceptedActionSkipsAuth" file="/Users/dominikpalatynski/Public/device-measurement-tracker/yii-app/tests/unit/filters/JwtAuthFilterTest.php" line="47" class="tests\unit\filters\JwtAuthFilterTest" classname="tests.unit.filters.JwtAuthFilterTest" assertions="1" time="0.000512"/>
        <testcase name="testMissingTokenThrowsUnauthorized" file="/Users/dominikpalatynski/Public/device-measurement-tracker/yii-app/tests/unit/filters/JwtAuthFilterTest.php" line="55" class="tests\unit\filters\JwtAuthFilterTest" classname="tests.unit.filters.JwtAuthFilterTest" assertions="1" time="0.002259"/>
      </testsuite>
      <testsuite name="tests\unit\models\ConditionTest" file="/Users/dominikpalatynski/Public/device-measurement-tracker/yii-app/tests/unit/models/ConditionTest.php" tests="1" assertions="1" errors="0" failures="0" skipped="0" time="0.006416">
        <testcase name="testCanBeInstantiated" file="/Users/dominikpalatynski/Public/device-measurement-tracker/yii-app/tests/unit/models/ConditionTest.php" line="12" class="tests\unit\models\ConditionTest" classname="tests.unit.models.ConditionTest" assertions="1" time="0.006416"/>
      </testsuite>
      <testsuite name="tests\unit\models\FaultsTest" file="/Users/dominikpalatynski/Public/device-measurement-tracker/yii-app/tests/unit/models/FaultsTest.php" tests="1" assertions="1" errors="0" failures="0" skipped="0" time="0.001108">
        <testcase name="testCanBeInstantiated" file="/Users/dominikpalatynski/Public/device-measurement-tracker/yii-app/tests/unit/models/FaultsTest.php" line="12" class="tests\unit\models\FaultsTest" classname="tests.unit.models.FaultsTest" assertions="1" time="0.001108"/>
      </testsuite>
      <testsuite name="tests\unit\modules\api\controllers\AuthControllerTest" file="/Users/dominikpalatynski/Public/device-measurement-tracker/yii-app/tests/unit/modules/api/controllers/AuthControllerTest.php" tests="21" assertions="68" errors="0" failures="0" skipped="0" time="0.020401">
        <testcase name="testActionMeRequiresAuthentication" file="/Users/dominikpalatynski/Public/device-measurement-tracker/yii-app/tests/unit/modules/api/controllers/AuthControllerTest.php" line="57" class="tests\unit\modules\api\controllers\AuthControllerTest" classname="tests.unit.modules.api.controllers.AuthControllerTest" assertions="1" time="0.002102"/>
        <testcase name="testCorsOriginsConfiguration" file="/Users/dominikpalatynski/Public/device-measurement-tracker/yii-app/tests/unit/modules/api/controllers/AuthControllerTest.php" line="95" class="tests\unit\modules\api\controllers\AuthControllerTest" classname="tests.unit.modules.api.controllers.AuthControllerTest" assertions="6" time="0.002067"/>
        <testcase name="testActionLoginOnlyUsername" file="/Users/dominikpalatynski/Public/device-measurement-tracker/yii-app/tests/unit/modules/api/controllers/AuthControllerTest.php" line="149" class="tests\unit\modules\api\controllers\AuthControllerTest" classname="tests.unit.modules.api.controllers.AuthControllerTest" assertions="2" time="0.001220"/>
        <testcase name="testActionChangePasswordNotImplemented" file="/Users/dominikpalatynski/Public/device-measurement-tracker/yii-app/tests/unit/modules/api/controllers/AuthControllerTest.php" line="171" class="tests\unit\modules\api\controllers\AuthControllerTest" classname="tests.unit.modules.api.controllers.AuthControllerTest" assertions="1" time="0.000374"/>
        <testcase name="testControllerInheritance" file="/Users/dominikpalatynski/Public/device-measurement-tracker/yii-app/tests/unit/modules/api/controllers/AuthControllerTest.php" line="177" class="tests\unit\modules\api\controllers\AuthControllerTest" classname="tests.unit.modules.api.controllers.AuthControllerTest" assertions="1" time="0.000339"/>
        <testcase name="testControllerModuleContext" file="/Users/dominikpalatynski/Public/device-measurement-tracker/yii-app/tests/unit/modules/api/controllers/AuthControllerTest.php" line="183" class="tests\unit\modules\api\controllers\AuthControllerTest" classname="tests.unit.modules.api.controllers.AuthControllerTest" assertions="2" time="0.000352"/>
        <testcase name="testActionTest" file="/Users/dominikpalatynski/Public/device-measurement-tracker/yii-app/tests/unit/modules/api/controllers/AuthControllerTest.php" line="35" class="tests\unit\modules\api\controllers\AuthControllerTest" classname="tests.unit.modules.api.controllers.AuthControllerTest" assertions="4" time="0.000516"/>
        <testcase name="testActionLogoutWithoutUser" file="/Users/dominikpalatynski/Public/device-measurement-tracker/yii-app/tests/unit/modules/api/controllers/AuthControllerTest.php" line="64" class="tests\unit\modules\api\controllers\AuthControllerTest" classname="tests.unit.modules.api.controllers.AuthControllerTest" assertions="3" time="0.000400"/>
        <testcase name="testCorsMethodsConfiguration" file="/Users/dominikpalatynski/Public/device-measurement-tracker/yii-app/tests/unit/modules/api/controllers/AuthControllerTest.php" line="113" class="tests\unit\modules\api\controllers\AuthControllerTest" classname="tests.unit.modules.api.controllers.AuthControllerTest" assertions="6" time="0.000400"/>
        <testcase name="testActionLoginInvalidJson" file="/Users/dominikpalatynski/Public/device-measurement-tracker/yii-app/tests/unit/modules/api/controllers/AuthControllerTest.php" line="128" class="tests\unit\modules\api\controllers\AuthControllerTest" classname="tests.unit.modules.api.controllers.AuthControllerTest" assertions="1" time="0.000726"/>
        <testcase name="testActionLoginOnlyPassword" file="/Users/dominikpalatynski/Public/device-measurement-tracker/yii-app/tests/unit/modules/api/controllers/AuthControllerTest.php" line="160" class="tests\unit\modules\api\controllers\AuthControllerTest" classname="tests.unit.modules.api.controllers.AuthControllerTest" assertions="2" time="0.000395"/>
        <testcase name="testActionRefresh" file="/Users/dominikpalatynski/Public/device-measurement-tracker/yii-app/tests/unit/modules/api/controllers/AuthControllerTest.php" line="193" class="tests\unit\modules\api\controllers\AuthControllerTest" classname="tests.unit.modules.api.controllers.AuthControllerTest" assertions="7" time="0.000946"/>
        <testcase name="testActionMe" file="/Users/dominikpalatynski/Public/device-measurement-tracker/yii-app/tests/unit/modules/api/controllers/AuthControllerTest.php" line="304" class="tests\unit\modules\api\controllers\AuthControllerTest" classname="tests.unit.modules.api.controllers.AuthControllerTest" assertions="12" time="0.000681"/>
        <testcase name="testBehaviorsConfiguration" file="/Users/dominikpalatynski/Public/device-measurement-tracker/yii-app/tests/unit/modules/api/controllers/AuthControllerTest.php" line="74" class="tests\unit\modules\api\controllers\AuthControllerTest" classname="tests.unit.modules.api.controllers.AuthControllerTest" assertions="8" time="0.000426"/>
        <testcase name="testActionLoginMissingCredentials" file="/Users/dominikpalatynski/Public/device-measurement-tracker/yii-app/tests/unit/modules/api/controllers/AuthControllerTest.php" line="45" class="tests\unit\modules\api\controllers\AuthControllerTest" classname="tests.unit.modules.api.controllers.AuthControllerTest" assertions="2" time="0.000427"/>
        <testcase name="testActionLoginEmptyCredentials" file="/Users/dominikpalatynski/Public/device-measurement-tracker/yii-app/tests/unit/modules/api/controllers/AuthControllerTest.php" line="137" class="tests\unit\modules\api\controllers\AuthControllerTest" classname="tests.unit.modules.api.controllers.AuthControllerTest" assertions="2" time="0.005143"/>
        <testcase name="testActionChangePasswordMissingFields" file="/Users/dominikpalatynski/Public/device-measurement-tracker/yii-app/tests/unit/modules/api/controllers/AuthControllerTest.php" line="220" class="tests\unit\modules\api\controllers\AuthControllerTest" classname="tests.unit.modules.api.controllers.AuthControllerTest" assertions="1" time="0.000937"/>
        <testcase name="testActionChangePasswordWrongCurrentPassword" file="/Users/dominikpalatynski/Public/device-measurement-tracker/yii-app/tests/unit/modules/api/controllers/AuthControllerTest.php" line="235" class="tests\unit\modules\api\controllers\AuthControllerTest" classname="tests.unit.modules.api.controllers.AuthControllerTest" assertions="2" time="0.000886"/>
        <testcase name="testActionChangePasswordTooShort" file="/Users/dominikpalatynski/Public/device-measurement-tracker/yii-app/tests/unit/modules/api/controllers/AuthControllerTest.php" line="252" class="tests\unit\modules\api\controllers\AuthControllerTest" classname="tests.unit.modules.api.controllers.AuthControllerTest" assertions="2" time="0.000616"/>
        <testcase name="testActionChangePasswordSaveFailure" file="/Users/dominikpalatynski/Public/device-measurement-tracker/yii-app/tests/unit/modules/api/controllers/AuthControllerTest.php" line="269" class="tests\unit\modules\api\controllers\AuthControllerTest" classname="tests.unit.modules.api.controllers.AuthControllerTest" assertions="1" time="0.000832"/>
        <testcase name="testActionChangePasswordSuccess" file="/Users/dominikpalatynski/Public/device-measurement-tracker/yii-app/tests/unit/modules/api/controllers/AuthControllerTest.php" line="286" class="tests\unit\modules\api\controllers\AuthControllerTest" classname="tests.unit.modules.api.controllers.AuthControllerTest" assertions="2" time="0.000618"/>
      </testsuite>
      <testsuite name="tests\unit\modules\api\controllers\ConditionsControllerTest" file="/Users/dominikpalatynski/Public/device-measurement-tracker/yii-app/tests/unit/modules/api/controllers/ConditionsControllerTest.php" tests="25" assertions="43" errors="0" failures="0" skipped="0" time="0.017053">
        <testcase name="testActionViewSuccess" file="/Users/dominikpalatynski/Public/device-measurement-tracker/yii-app/tests/unit/modules/api/controllers/ConditionsControllerTest.php" line="148" class="tests\unit\modules\api\controllers\ConditionsControllerTest" classname="tests.unit.modules.api.controllers.ConditionsControllerTest" assertions="2" time="0.001770"/>
        <testcase name="testActionDeleteSuccess" file="/Users/dominikpalatynski/Public/device-measurement-tracker/yii-app/tests/unit/modules/api/controllers/ConditionsControllerTest.php" line="286" class="tests\unit\modules\api\controllers\ConditionsControllerTest" classname="tests.unit.modules.api.controllers.ConditionsControllerTest" assertions="2" time="0.000579"/>
        <testcase name="testActionDeleteFailure" file="/Users/dominikpalatynski/Public/device-measurement-tracker/yii-app/tests/unit/modules/api/controllers/ConditionsControllerTest.php" line="307" class="tests\unit\modules\api\controllers\ConditionsControllerTest" classname="tests.unit.modules.api.controllers.ConditionsControllerTest" assertions="1" time="0.000570"/>
        <testcase name="testActionStartSuccess" file="/Users/dominikpalatynski/Public/device-measurement-tracker/yii-app/tests/unit/modules/api/controllers/ConditionsControllerTest.php" line="319" class="tests\unit\modules\api\controllers\ConditionsControllerTest" classname="tests.unit.modules.api.controllers.ConditionsControllerTest" assertions="2" time="0.000545"/>
        <testcase name="testActionStartFailure" file="/Users/dominikpalatynski/Public/device-measurement-tracker/yii-app/tests/unit/modules/api/controllers/ConditionsControllerTest.php" line="341" class="tests\unit\modules\api\controllers\ConditionsControllerTest" classname="tests.unit.modules.api.controllers.ConditionsControllerTest" assertions="1" time="0.000549"/>
        <testcase name="testActionStopSuccess" file="/Users/dominikpalatynski/Public/device-measurement-tracker/yii-app/tests/unit/modules/api/controllers/ConditionsControllerTest.php" line="353" class="tests\unit\modules\api\controllers\ConditionsControllerTest" classname="tests.unit.modules.api.controllers.ConditionsControllerTest" assertions="2" time="0.000544"/>
        <testcase name="testActionStopFailure" file="/Users/dominikpalatynski/Public/device-measurement-tracker/yii-app/tests/unit/modules/api/controllers/ConditionsControllerTest.php" line="375" class="tests\unit\modules\api\controllers\ConditionsControllerTest" classname="tests.unit.modules.api.controllers.ConditionsControllerTest" assertions="1" time="0.000545"/>
        <testcase name="testActionDataSuccess" file="/Users/dominikpalatynski/Public/device-measurement-tracker/yii-app/tests/unit/modules/api/controllers/ConditionsControllerTest.php" line="387" class="tests\unit\modules\api\controllers\ConditionsControllerTest" classname="tests.unit.modules.api.controllers.ConditionsControllerTest" assertions="2" time="0.000571"/>
        <testcase name="testActionListAdminSeesAll" file="/Users/dominikpalatynski/Public/device-measurement-tracker/yii-app/tests/unit/modules/api/controllers/ConditionsControllerTest.php" line="99" class="tests\unit\modules\api\controllers\ConditionsControllerTest" classname="tests.unit.modules.api.controllers.ConditionsControllerTest" assertions="2" time="0.001321"/>
        <testcase name="testActionListNonAdminSeesOwn" file="/Users/dominikpalatynski/Public/device-measurement-tracker/yii-app/tests/unit/modules/api/controllers/ConditionsControllerTest.php" line="119" class="tests\unit\modules\api\controllers\ConditionsControllerTest" classname="tests.unit.modules.api.controllers.ConditionsControllerTest" assertions="2" time="0.000966"/>
        <testcase name="testActionCreateSuccess" file="/Users/dominikpalatynski/Public/device-measurement-tracker/yii-app/tests/unit/modules/api/controllers/ConditionsControllerTest.php" line="176" class="tests\unit\modules\api\controllers\ConditionsControllerTest" classname="tests.unit.modules.api.controllers.ConditionsControllerTest" assertions="2" time="0.000816"/>
        <testcase name="testActionUpdateSuccess" file="/Users/dominikpalatynski/Public/device-measurement-tracker/yii-app/tests/unit/modules/api/controllers/ConditionsControllerTest.php" line="249" class="tests\unit\modules\api\controllers\ConditionsControllerTest" classname="tests.unit.modules.api.controllers.ConditionsControllerTest" assertions="2" time="0.000575"/>
        <testcase name="testActionUpdateFailure" file="/Users/dominikpalatynski/Public/device-measurement-tracker/yii-app/tests/unit/modules/api/controllers/ConditionsControllerTest.php" line="272" class="tests\unit\modules\api\controllers\ConditionsControllerTest" classname="tests.unit.modules.api.controllers.ConditionsControllerTest" assertions="1" time="0.000850"/>
        <testcase name="testActionCreateForbidden" file="/Users/dominikpalatynski/Public/device-measurement-tracker/yii-app/tests/unit/modules/api/controllers/ConditionsControllerTest.php" line="235" class="tests\unit\modules\api\controllers\ConditionsControllerTest" classname="tests.unit.modules.api.controllers.ConditionsControllerTest" assertions="1" time="0.000632"/>
        <testcase name="testActionViewNotFound" file="/Users/dominikpalatynski/Public/device-measurement-tracker/yii-app/tests/unit/modules/api/controllers/ConditionsControllerTest.php" line="138" class="tests\unit\modules\api\controllers\ConditionsControllerTest" classname="tests.unit.modules.api.controllers.ConditionsControllerTest" assertions="2" time="0.000796"/>
        <testcase name="testActionCreateFailure" file="/Users/dominikpalatynski/Public/device-measurement-tracker/yii-app/tests/unit/modules/api/controllers/ConditionsControllerTest.php" line="200" class="tests\unit\modules\api\controllers\ConditionsControllerTest" classname="tests.unit.modules.api.controllers.ConditionsControllerTest" assertions="1" time="0.000713"/>
        <testcase name="testActionTestReturnsSuccess" file="/Users/dominikpalatynski/Public/device-measurement-tracker/yii-app/tests/unit/modules/api/controllers/ConditionsControllerTest.php" line="91" class="tests\unit\modules\api\controllers\ConditionsControllerTest" classname="tests.unit.modules.api.controllers.ConditionsControllerTest" assertions="3" time="0.000534"/>
        <testcase name="testActionUpdateNotFound" file="/Users/dominikpalatynski/Public/device-measurement-tracker/yii-app/tests/unit/modules/api/controllers/ConditionsControllerTest.php" line="264" class="tests\unit\modules\api\controllers\ConditionsControllerTest" classname="tests.unit.modules.api.controllers.ConditionsControllerTest" assertions="2" time="0.000518"/>
        <testcase name="testActionDeleteNotFound" file="/Users/dominikpalatynski/Public/device-measurement-tracker/yii-app/tests/unit/modules/api/controllers/ConditionsControllerTest.php" line="299" class="tests\unit\modules\api\controllers\ConditionsControllerTest" classname="tests.unit.modules.api.controllers.ConditionsControllerTest" assertions="2" time="0.000503"/>
        <testcase name="testActionStartNotFound" file="/Users/dominikpalatynski/Public/device-measurement-tracker/yii-app/tests/unit/modules/api/controllers/ConditionsControllerTest.php" line="333" class="tests\unit\modules\api\controllers\ConditionsControllerTest" classname="tests.unit.modules.api.controllers.ConditionsControllerTest" assertions="2" time="0.000494"/>
        <testcase name="testActionStopNotFound" file="/Users/dominikpalatynski/Public/device-measurement-tracker/yii-app/tests/unit/modules/api/controllers/ConditionsControllerTest.php" line="367" class="tests\unit\modules\api\controllers\ConditionsControllerTest" classname="tests.unit.modules.api.controllers.ConditionsControllerTest" assertions="2" time="0.000497"/>
        <testcase name="testActionDataNotFound" file="/Users/dominikpalatynski/Public/device-measurement-tracker/yii-app/tests/unit/modules/api/controllers/ConditionsControllerTest.php" line="400" class="tests\unit\modules\api\controllers\ConditionsControllerTest" classname="tests.unit.modules.api.controllers.ConditionsControllerTest" assertions="2" time="0.000501"/>
        <testcase name="testActionDataMissingMeasurements" file="/Users/dominikpalatynski/Public/device-measurement-tracker/yii-app/tests/unit/modules/api/controllers/ConditionsControllerTest.php" line="408" class="tests\unit\modules\api\controllers\ConditionsControllerTest" classname="tests.unit.modules.api.controllers.ConditionsControllerTest" assertions="1" time="0.000565"/>
        <testcase name="testActionViewForbidden" file="/Users/dominikpalatynski/Public/device-measurement-tracker/yii-app/tests/unit/modules/api/controllers/ConditionsControllerTest.php" line="163" class="tests\unit\modules\api\controllers\ConditionsControllerTest" classname="tests.unit.modules.api.controllers.ConditionsControllerTest" assertions="2" time="0.000550"/>
        <testcase name="testActionCreateMissingFields" file="/Users/dominikpalatynski/Public/device-measurement-tracker/yii-app/tests/unit/modules/api/controllers/ConditionsControllerTest.php" line="227" class="tests\unit\modules\api\controllers\ConditionsControllerTest" classname="tests.unit.modules.api.controllers.ConditionsControllerTest" assertions="1" time="0.000550"/>
      </testsuite>
      <testsuite name="tests\unit\modules\api\controllers\DeviceMeasurementControllerTest" file="/Users/dominikpalatynski/Public/device-measurement-tracker/yii-app/tests/unit/modules/api/controllers/DeviceMeasurementControllerTest.php" tests="10" assertions="18" errors="0" failures="0" skipped="0" time="0.042007">
        <testcase name="testActionGenerateBatchTokenMissingDeviceId" file="/Users/dominikpalatynski/Public/device-measurement-tracker/yii-app/tests/unit/modules/api/controllers/DeviceMeasurementControllerTest.php" line="42" class="tests\unit\modules\api\controllers\DeviceMeasurementControllerTest" classname="tests.unit.modules.api.controllers.DeviceMeasurementControllerTest" assertions="2" time="0.005755"/>
        <testcase name="testActionGenerateBatchTokenDeviceNotActive" file="/Users/dominikpalatynski/Public/device-measurement-tracker/yii-app/tests/unit/modules/api/controllers/DeviceMeasurementControllerTest.php" line="60" class="tests\unit\modules\api\controllers\DeviceMeasurementControllerTest" classname="tests.unit.modules.api.controllers.DeviceMeasurementControllerTest" assertions="2" time="0.003947"/>
        <testcase name="testActionPhenomenBatchInvalidJson" file="/Users/dominikpalatynski/Public/device-measurement-tracker/yii-app/tests/unit/modules/api/controllers/DeviceMeasurementControllerTest.php" line="84" class="tests\unit\modules\api\controllers\DeviceMeasurementControllerTest" classname="tests.unit.modules.api.controllers.DeviceMeasurementControllerTest" assertions="2" time="0.003824"/>
        <testcase name="testValidateBatchTokenMissingHeader" file="/Users/dominikpalatynski/Public/device-measurement-tracker/yii-app/tests/unit/modules/api/controllers/DeviceMeasurementControllerTest.php" line="92" class="tests\unit\modules\api\controllers\DeviceMeasurementControllerTest" classname="tests.unit.modules.api.controllers.DeviceMeasurementControllerTest" assertions="1" time="0.004162"/>
        <testcase name="testValidateBatchTokenInvalidToken" file="/Users/dominikpalatynski/Public/device-measurement-tracker/yii-app/tests/unit/modules/api/controllers/DeviceMeasurementControllerTest.php" line="103" class="tests\unit\modules\api\controllers\DeviceMeasurementControllerTest" classname="tests.unit.modules.api.controllers.DeviceMeasurementControllerTest" assertions="1" time="0.004911"/>
        <testcase name="testProcessBatchDataDeviceNotFound" file="/Users/dominikpalatynski/Public/device-measurement-tracker/yii-app/tests/unit/modules/api/controllers/DeviceMeasurementControllerTest.php" line="114" class="tests\unit\modules\api\controllers\DeviceMeasurementControllerTest" classname="tests.unit.modules.api.controllers.DeviceMeasurementControllerTest" assertions="2" time="0.003941"/>
        <testcase name="testProcessBatchDataMissingDataSeries" file="/Users/dominikpalatynski/Public/device-measurement-tracker/yii-app/tests/unit/modules/api/controllers/DeviceMeasurementControllerTest.php" line="126" class="tests\unit\modules\api\controllers\DeviceMeasurementControllerTest" classname="tests.unit.modules.api.controllers.DeviceMeasurementControllerTest" assertions="2" time="0.003622"/>
        <testcase name="testProcessBatchDataMongoUnavailable" file="/Users/dominikpalatynski/Public/device-measurement-tracker/yii-app/tests/unit/modules/api/controllers/DeviceMeasurementControllerTest.php" line="140" class="tests\unit\modules\api\controllers\DeviceMeasurementControllerTest" classname="tests.unit.modules.api.controllers.DeviceMeasurementControllerTest" assertions="2" time="0.003965"/>
        <testcase name="testActionGenerateBatchTokenDeviceNotFound" file="/Users/dominikpalatynski/Public/device-measurement-tracker/yii-app/tests/unit/modules/api/controllers/DeviceMeasurementControllerTest.php" line="51" class="tests\unit\modules\api\controllers\DeviceMeasurementControllerTest" classname="tests.unit.modules.api.controllers.DeviceMeasurementControllerTest" assertions="2" time="0.003950"/>
        <testcase name="testActionGenerateBatchTokenSuccess" file="/Users/dominikpalatynski/Public/device-measurement-tracker/yii-app/tests/unit/modules/api/controllers/DeviceMeasurementControllerTest.php" line="72" class="tests\unit\modules\api\controllers\DeviceMeasurementControllerTest" classname="tests.unit.modules.api.controllers.DeviceMeasurementControllerTest" assertions="2" time="0.003929"/>
      </testsuite>
      <testsuite name="tests\unit\modules\api\controllers\DeviceRegisterControllerTest" file="/Users/dominikpalatynski/Public/device-measurement-tracker/yii-app/tests/unit/modules/api/controllers/DeviceRegisterControllerTest.php" tests="42" assertions="156" errors="0" failures="0" skipped="0" time="0.059687">
        <testcase name="testActionRegenerateTokenNotPost" file="/Users/dominikpalatynski/Public/device-measurement-tracker/yii-app/tests/unit/modules/api/controllers/DeviceRegisterControllerTest.php" line="229" class="tests\unit\modules\api\controllers\DeviceRegisterControllerTest" classname="tests.unit.modules.api.controllers.DeviceRegisterControllerTest" assertions="8" time="0.009762"/>
        <testcase name="testActionRegenerateTokenDeviceNotFound" file="/Users/dominikpalatynski/Public/device-measurement-tracker/yii-app/tests/unit/modules/api/controllers/DeviceRegisterControllerTest.php" line="256" class="tests\unit\modules\api\controllers\DeviceRegisterControllerTest" classname="tests.unit.modules.api.controllers.DeviceRegisterControllerTest" assertions="4" time="0.001310"/>
        <testcase name="testActionRegenerateTokenDeviceNotInactive" file="/Users/dominikpalatynski/Public/device-measurement-tracker/yii-app/tests/unit/modules/api/controllers/DeviceRegisterControllerTest.php" line="279" class="tests\unit\modules\api\controllers\DeviceRegisterControllerTest" classname="tests.unit.modules.api.controllers.DeviceRegisterControllerTest" assertions="4" time="0.001245"/>
        <testcase name="testActionRegenerateTokenDeletionFailure" file="/Users/dominikpalatynski/Public/device-measurement-tracker/yii-app/tests/unit/modules/api/controllers/DeviceRegisterControllerTest.php" line="346" class="tests\unit\modules\api\controllers\DeviceRegisterControllerTest" classname="tests.unit.modules.api.controllers.DeviceRegisterControllerTest" assertions="3" time="0.001639"/>
        <testcase name="testActionRegenerateTokenCreationFailure" file="/Users/dominikpalatynski/Public/device-measurement-tracker/yii-app/tests/unit/modules/api/controllers/DeviceRegisterControllerTest.php" line="379" class="tests\unit\modules\api\controllers\DeviceRegisterControllerTest" classname="tests.unit.modules.api.controllers.DeviceRegisterControllerTest" assertions="3" time="0.001948"/>
        <testcase name="testActionRegisterNotPost" file="/Users/dominikpalatynski/Public/device-measurement-tracker/yii-app/tests/unit/modules/api/controllers/DeviceRegisterControllerTest.php" line="420" class="tests\unit\modules\api\controllers\DeviceRegisterControllerTest" classname="tests.unit.modules.api.controllers.DeviceRegisterControllerTest" assertions="2" time="0.001109"/>
        <testcase name="testActionRegisterMissingDeviceId" file="/Users/dominikpalatynski/Public/device-measurement-tracker/yii-app/tests/unit/modules/api/controllers/DeviceRegisterControllerTest.php" line="428" class="tests\unit\modules\api\controllers\DeviceRegisterControllerTest" classname="tests.unit.modules.api.controllers.DeviceRegisterControllerTest" assertions="4" time="0.001228"/>
        <testcase name="testActionRegisterDeviceNotFound" file="/Users/dominikpalatynski/Public/device-measurement-tracker/yii-app/tests/unit/modules/api/controllers/DeviceRegisterControllerTest.php" line="447" class="tests\unit\modules\api\controllers\DeviceRegisterControllerTest" classname="tests.unit.modules.api.controllers.DeviceRegisterControllerTest" assertions="4" time="0.001195"/>
        <testcase name="testActionRegisterVerificationTokenNotFound" file="/Users/dominikpalatynski/Public/device-measurement-tracker/yii-app/tests/unit/modules/api/controllers/DeviceRegisterControllerTest.php" line="469" class="tests\unit\modules\api\controllers\DeviceRegisterControllerTest" classname="tests.unit.modules.api.controllers.DeviceRegisterControllerTest" assertions="4" time="0.001196"/>
        <testcase name="testActionRegisterInvalidAccessToken" file="/Users/dominikpalatynski/Public/device-measurement-tracker/yii-app/tests/unit/modules/api/controllers/DeviceRegisterControllerTest.php" line="501" class="tests\unit\modules\api\controllers\DeviceRegisterControllerTest" classname="tests.unit.modules.api.controllers.DeviceRegisterControllerTest" assertions="4" time="0.001195"/>
        <testcase name="testActionRegisterVerificationTokenAlreadyUsed" file="/Users/dominikpalatynski/Public/device-measurement-tracker/yii-app/tests/unit/modules/api/controllers/DeviceRegisterControllerTest.php" line="533" class="tests\unit\modules\api\controllers\DeviceRegisterControllerTest" classname="tests.unit.modules.api.controllers.DeviceRegisterControllerTest" assertions="4" time="0.001195"/>
        <testcase name="testActionRegisterErrorUpdatingVerificationToken" file="/Users/dominikpalatynski/Public/device-measurement-tracker/yii-app/tests/unit/modules/api/controllers/DeviceRegisterControllerTest.php" line="570" class="tests\unit\modules\api\controllers\DeviceRegisterControllerTest" classname="tests.unit.modules.api.controllers.DeviceRegisterControllerTest" assertions="4" time="0.001229"/>
        <testcase name="testActionRegisterErrorUpdatingDevice" file="/Users/dominikpalatynski/Public/device-measurement-tracker/yii-app/tests/unit/modules/api/controllers/DeviceRegisterControllerTest.php" line="609" class="tests\unit\modules\api\controllers\DeviceRegisterControllerTest" classname="tests.unit.modules.api.controllers.DeviceRegisterControllerTest" assertions="4" time="0.001227"/>
        <testcase name="testActionRegisterSuccess" file="/Users/dominikpalatynski/Public/device-measurement-tracker/yii-app/tests/unit/modules/api/controllers/DeviceRegisterControllerTest.php" line="649" class="tests\unit\modules\api\controllers\DeviceRegisterControllerTest" classname="tests.unit.modules.api.controllers.DeviceRegisterControllerTest" assertions="9" time="0.001196"/>
        <testcase name="testActionUpdateSuccess" file="/Users/dominikpalatynski/Public/device-measurement-tracker/yii-app/tests/unit/modules/api/controllers/DeviceRegisterControllerTest.php" line="691" class="tests\unit\modules\api\controllers\DeviceRegisterControllerTest" classname="tests.unit.modules.api.controllers.DeviceRegisterControllerTest" assertions="8" time="0.001202"/>
        <testcase name="testActionUpdateDeviceNotFound" file="/Users/dominikpalatynski/Public/device-measurement-tracker/yii-app/tests/unit/modules/api/controllers/DeviceRegisterControllerTest.php" line="725" class="tests\unit\modules\api\controllers\DeviceRegisterControllerTest" classname="tests.unit.modules.api.controllers.DeviceRegisterControllerTest" assertions="2" time="0.001034"/>
        <testcase name="testActionUpdateSaveFailure" file="/Users/dominikpalatynski/Public/device-measurement-tracker/yii-app/tests/unit/modules/api/controllers/DeviceRegisterControllerTest.php" line="741" class="tests\unit\modules\api\controllers\DeviceRegisterControllerTest" classname="tests.unit.modules.api.controllers.DeviceRegisterControllerTest" assertions="4" time="0.001196"/>
        <testcase name="testActionDeleteSuccess" file="/Users/dominikpalatynski/Public/device-measurement-tracker/yii-app/tests/unit/modules/api/controllers/DeviceRegisterControllerTest.php" line="773" class="tests\unit\modules\api\controllers\DeviceRegisterControllerTest" classname="tests.unit.modules.api.controllers.DeviceRegisterControllerTest" assertions="3" time="0.001090"/>
        <testcase name="testActionDeleteDeviceNotFound" file="/Users/dominikpalatynski/Public/device-measurement-tracker/yii-app/tests/unit/modules/api/controllers/DeviceRegisterControllerTest.php" line="803" class="tests\unit\modules\api\controllers\DeviceRegisterControllerTest" classname="tests.unit.modules.api.controllers.DeviceRegisterControllerTest" assertions="2" time="0.001031"/>
        <testcase name="testActionDeleteFailure" file="/Users/dominikpalatynski/Public/device-measurement-tracker/yii-app/tests/unit/modules/api/controllers/DeviceRegisterControllerTest.php" line="819" class="tests\unit\modules\api\controllers\DeviceRegisterControllerTest" classname="tests.unit.modules.api.controllers.DeviceRegisterControllerTest" assertions="3" time="0.001092"/>
        <testcase name="testActionListAdminSeesAll" file="/Users/dominikpalatynski/Public/device-measurement-tracker/yii-app/tests/unit/modules/api/controllers/DeviceRegisterControllerTest.php" line="846" class="tests\unit\modules\api\controllers\DeviceRegisterControllerTest" classname="tests.unit.modules.api.controllers.DeviceRegisterControllerTest" assertions="6" time="0.001436"/>
        <testcase name="testActionListUserSeesOwnDevices" file="/Users/dominikpalatynski/Public/device-measurement-tracker/yii-app/tests/unit/modules/api/controllers/DeviceRegisterControllerTest.php" line="889" class="tests\unit\modules\api\controllers\DeviceRegisterControllerTest" classname="tests.unit.modules.api.controllers.DeviceRegisterControllerTest" assertions="3" time="0.001176">
          <system-out>array(2) {
  ["success"]=&gt;
  bool(true)
  ["data"]=&gt;
  array(1) {
    [0]=&gt;
    array(9) {
      ["device_id"]=&gt;
      string(6) "DEV001"
      ["device_name"]=&gt;
      string(9) "My Device"
      ["device_type"]=&gt;
      NULL
      ["owner_id"]=&gt;
      int(42)
      ["status"]=&gt;
      NULL
      ["registration_date"]=&gt;
      NULL
      ["last_updated"]=&gt;
      NULL
      ["updated_at"]=&gt;
      NULL
      ["created_at"]=&gt;
      NULL
    }
  }
}
</system-out>
        </testcase>
        <testcase name="testActionListError" file="/Users/dominikpalatynski/Public/device-measurement-tracker/yii-app/tests/unit/modules/api/controllers/DeviceRegisterControllerTest.php" line="917" class="tests\unit\modules\api\controllers\DeviceRegisterControllerTest" classname="tests.unit.modules.api.controllers.DeviceRegisterControllerTest" assertions="2" time="0.001268"/>
        <testcase name="testActionViewSuccess" file="/Users/dominikpalatynski/Public/device-measurement-tracker/yii-app/tests/unit/modules/api/controllers/DeviceRegisterControllerTest.php" line="938" class="tests\unit\modules\api\controllers\DeviceRegisterControllerTest" classname="tests.unit.modules.api.controllers.DeviceRegisterControllerTest" assertions="6" time="0.001202"/>
        <testcase name="testActionViewMissingId" file="/Users/dominikpalatynski/Public/device-measurement-tracker/yii-app/tests/unit/modules/api/controllers/DeviceRegisterControllerTest.php" line="992" class="tests\unit\modules\api\controllers\DeviceRegisterControllerTest" classname="tests.unit.modules.api.controllers.DeviceRegisterControllerTest" assertions="2" time="0.001053"/>
        <testcase name="testActionViewDeviceNotFound" file="/Users/dominikpalatynski/Public/device-measurement-tracker/yii-app/tests/unit/modules/api/controllers/DeviceRegisterControllerTest.php" line="1010" class="tests\unit\modules\api\controllers\DeviceRegisterControllerTest" classname="tests.unit.modules.api.controllers.DeviceRegisterControllerTest" assertions="2" time="0.001056"/>
        <testcase name="testActionCreateMissingData" file="/Users/dominikpalatynski/Public/device-measurement-tracker/yii-app/tests/unit/modules/api/controllers/DeviceRegisterControllerTest.php" line="1083" class="tests\unit\modules\api\controllers\DeviceRegisterControllerTest" classname="tests.unit.modules.api.controllers.DeviceRegisterControllerTest" assertions="2" time="0.001080"/>
        <testcase name="testActionCreateDeviceSaveFailure" file="/Users/dominikpalatynski/Public/device-measurement-tracker/yii-app/tests/unit/modules/api/controllers/DeviceRegisterControllerTest.php" line="1104" class="tests\unit\modules\api\controllers\DeviceRegisterControllerTest" classname="tests.unit.modules.api.controllers.DeviceRegisterControllerTest" assertions="3" time="0.001641"/>
        <testcase name="testActionActivateSuccess" file="/Users/dominikpalatynski/Public/device-measurement-tracker/yii-app/tests/unit/modules/api/controllers/DeviceRegisterControllerTest.php" line="1138" class="tests\unit\modules\api\controllers\DeviceRegisterControllerTest" classname="tests.unit.modules.api.controllers.DeviceRegisterControllerTest" assertions="3" time="0.001187"/>
        <testcase name="testActionDeactivateSuccess" file="/Users/dominikpalatynski/Public/device-measurement-tracker/yii-app/tests/unit/modules/api/controllers/DeviceRegisterControllerTest.php" line="1166" class="tests\unit\modules\api\controllers\DeviceRegisterControllerTest" classname="tests.unit.modules.api.controllers.DeviceRegisterControllerTest" assertions="3" time="0.001204"/>
        <testcase name="testFindDeviceSuccess" file="/Users/dominikpalatynski/Public/device-measurement-tracker/yii-app/tests/unit/modules/api/controllers/DeviceRegisterControllerTest.php" line="1194" class="tests\unit\modules\api\controllers\DeviceRegisterControllerTest" classname="tests.unit.modules.api.controllers.DeviceRegisterControllerTest" assertions="2" time="0.001026"/>
        <testcase name="testFindDeviceNotFound" file="/Users/dominikpalatynski/Public/device-measurement-tracker/yii-app/tests/unit/modules/api/controllers/DeviceRegisterControllerTest.php" line="1210" class="tests\unit\modules\api\controllers\DeviceRegisterControllerTest" classname="tests.unit.modules.api.controllers.DeviceRegisterControllerTest" assertions="2" time="0.001053"/>
        <testcase name="testActionActivateMissingId" file="/Users/dominikpalatynski/Public/device-measurement-tracker/yii-app/tests/unit/modules/api/controllers/DeviceRegisterControllerTest.php" line="1235" class="tests\unit\modules\api\controllers\DeviceRegisterControllerTest" classname="tests.unit.modules.api.controllers.DeviceRegisterControllerTest" assertions="2" time="0.001042"/>
        <testcase name="testActionActivateDeviceNotFound" file="/Users/dominikpalatynski/Public/device-measurement-tracker/yii-app/tests/unit/modules/api/controllers/DeviceRegisterControllerTest.php" line="1244" class="tests\unit\modules\api\controllers\DeviceRegisterControllerTest" classname="tests.unit.modules.api.controllers.DeviceRegisterControllerTest" assertions="2" time="0.001050"/>
        <testcase name="testActionLiveFaultMethodNotAllowed" file="/Users/dominikpalatynski/Public/device-measurement-tracker/yii-app/tests/unit/modules/api/controllers/DeviceRegisterControllerTest.php" line="1261" class="tests\unit\modules\api\controllers\DeviceRegisterControllerTest" classname="tests.unit.modules.api.controllers.DeviceRegisterControllerTest" assertions="2" time="0.001434"/>
        <testcase name="testGetLiveFaultDeviceNotFound" file="/Users/dominikpalatynski/Public/device-measurement-tracker/yii-app/tests/unit/modules/api/controllers/DeviceRegisterControllerTest.php" line="1278" class="tests\unit\modules\api\controllers\DeviceRegisterControllerTest" classname="tests.unit.modules.api.controllers.DeviceRegisterControllerTest" assertions="2" time="0.001078"/>
        <testcase name="testGetLiveFaultNoActiveFault" file="/Users/dominikpalatynski/Public/device-measurement-tracker/yii-app/tests/unit/modules/api/controllers/DeviceRegisterControllerTest.php" line="1292" class="tests\unit\modules\api\controllers\DeviceRegisterControllerTest" classname="tests.unit.modules.api.controllers.DeviceRegisterControllerTest" assertions="3" time="0.001345"/>
        <testcase name="testGetLiveFaultSuccess" file="/Users/dominikpalatynski/Public/device-measurement-tracker/yii-app/tests/unit/modules/api/controllers/DeviceRegisterControllerTest.php" line="1313" class="tests\unit\modules\api\controllers\DeviceRegisterControllerTest" classname="tests.unit.modules.api.controllers.DeviceRegisterControllerTest" assertions="3" time="0.001275"/>
        <testcase name="testActionTest" file="/Users/dominikpalatynski/Public/device-measurement-tracker/yii-app/tests/unit/modules/api/controllers/DeviceRegisterControllerTest.php" line="220" class="tests\unit\modules\api\controllers\DeviceRegisterControllerTest" classname="tests.unit.modules.api.controllers.DeviceRegisterControllerTest" assertions="4" time="0.001043"/>
        <testcase name="testActionRegenerateTokenMissingDeviceId" file="/Users/dominikpalatynski/Public/device-measurement-tracker/yii-app/tests/unit/modules/api/controllers/DeviceRegisterControllerTest.php" line="248" class="tests\unit\modules\api\controllers\DeviceRegisterControllerTest" classname="tests.unit.modules.api.controllers.DeviceRegisterControllerTest" assertions="2" time="0.001203"/>
        <testcase name="testActionCreateSuccess" file="/Users/dominikpalatynski/Public/device-measurement-tracker/yii-app/tests/unit/modules/api/controllers/DeviceRegisterControllerTest.php" line="1030" class="tests\unit\modules\api\controllers\DeviceRegisterControllerTest" classname="tests.unit.modules.api.controllers.DeviceRegisterControllerTest" assertions="7" time="0.001258"/>
        <testcase name="testActionRegenerateTokenSuccess" file="/Users/dominikpalatynski/Public/device-measurement-tracker/yii-app/tests/unit/modules/api/controllers/DeviceRegisterControllerTest.php" line="307" class="tests\unit\modules\api\controllers\DeviceRegisterControllerTest" classname="tests.unit.modules.api.controllers.DeviceRegisterControllerTest" assertions="10" time="0.001260"/>
      </testsuite>
      <testsuite name="tests\unit\modules\api\controllers\FaultsControllerSimpleTest" file="/Users/dominikpalatynski/Public/device-measurement-tracker/yii-app/tests/unit/modules/api/controllers/FaultsControllerSimpleTest.php" tests="19" assertions="48" errors="0" failures="0" skipped="0" time="0.008428">
        <testcase name="testActionTest" file="/Users/dominikpalatynski/Public/device-measurement-tracker/yii-app/tests/unit/modules/api/controllers/FaultsControllerSimpleTest.php" line="34" class="tests\unit\modules\api\controllers\FaultsControllerSimpleTest" classname="tests.unit.modules.api.controllers.FaultsControllerSimpleTest" assertions="4" time="0.001538"/>
        <testcase name="testControllerCanBeInstantiated" file="/Users/dominikpalatynski/Public/device-measurement-tracker/yii-app/tests/unit/modules/api/controllers/FaultsControllerSimpleTest.php" line="72" class="tests\unit\modules\api\controllers\FaultsControllerSimpleTest" classname="tests.unit.modules.api.controllers.FaultsControllerSimpleTest" assertions="1" time="0.000421"/>
        <testcase name="testControllerHasCorrectId" file="/Users/dominikpalatynski/Public/device-measurement-tracker/yii-app/tests/unit/modules/api/controllers/FaultsControllerSimpleTest.php" line="77" class="tests\unit\modules\api\controllers\FaultsControllerSimpleTest" classname="tests.unit.modules.api.controllers.FaultsControllerSimpleTest" assertions="1" time="0.000376"/>
        <testcase name="testControllerHasModule" file="/Users/dominikpalatynski/Public/device-measurement-tracker/yii-app/tests/unit/modules/api/controllers/FaultsControllerSimpleTest.php" line="82" class="tests\unit\modules\api\controllers\FaultsControllerSimpleTest" classname="tests.unit.modules.api.controllers.FaultsControllerSimpleTest" assertions="2" time="0.000371"/>
        <testcase name="testHttpVerbsConfiguration" file="/Users/dominikpalatynski/Public/device-measurement-tracker/yii-app/tests/unit/modules/api/controllers/FaultsControllerSimpleTest.php" line="88" class="tests\unit\modules\api\controllers\FaultsControllerSimpleTest" classname="tests.unit.modules.api.controllers.FaultsControllerSimpleTest" assertions="4" time="0.000448"/>
        <testcase name="testControllerInheritance" file="/Users/dominikpalatynski/Public/device-measurement-tracker/yii-app/tests/unit/modules/api/controllers/FaultsControllerSimpleTest.php" line="104" class="tests\unit\modules\api\controllers\FaultsControllerSimpleTest" classname="tests.unit.modules.api.controllers.FaultsControllerSimpleTest" assertions="1" time="0.000353"/>
        <testcase name="testActionListExists" file="/Users/dominikpalatynski/Public/device-measurement-tracker/yii-app/tests/unit/modules/api/controllers/FaultsControllerSimpleTest.php" line="110" class="tests\unit\modules\api\controllers\FaultsControllerSimpleTest" classname="tests.unit.modules.api.controllers.FaultsControllerSimpleTest" assertions="1" time="0.000340"/>
        <testcase name="testActionViewExists" file="/Users/dominikpalatynski/Public/device-measurement-tracker/yii-app/tests/unit/modules/api/controllers/FaultsControllerSimpleTest.php" line="116" class="tests\unit\modules\api\controllers\FaultsControllerSimpleTest" classname="tests.unit.modules.api.controllers.FaultsControllerSimpleTest" assertions="1" time="0.000335"/>
        <testcase name="testActionCreateExists" file="/Users/dominikpalatynski/Public/device-measurement-tracker/yii-app/tests/unit/modules/api/controllers/FaultsControllerSimpleTest.php" line="122" class="tests\unit\modules\api\controllers\FaultsControllerSimpleTest" classname="tests.unit.modules.api.controllers.FaultsControllerSimpleTest" assertions="1" time="0.000332"/>
        <testcase name="testActionUpdateExists" file="/Users/dominikpalatynski/Public/device-measurement-tracker/yii-app/tests/unit/modules/api/controllers/FaultsControllerSimpleTest.php" line="128" class="tests\unit\modules\api\controllers\FaultsControllerSimpleTest" classname="tests.unit.modules.api.controllers.FaultsControllerSimpleTest" assertions="1" time="0.000331"/>
        <testcase name="testActionDeleteExists" file="/Users/dominikpalatynski/Public/device-measurement-tracker/yii-app/tests/unit/modules/api/controllers/FaultsControllerSimpleTest.php" line="134" class="tests\unit\modules\api\controllers\FaultsControllerSimpleTest" classname="tests.unit.modules.api.controllers.FaultsControllerSimpleTest" assertions="1" time="0.000330"/>
        <testcase name="testPrivateMethodsExist" file="/Users/dominikpalatynski/Public/device-measurement-tracker/yii-app/tests/unit/modules/api/controllers/FaultsControllerSimpleTest.php" line="140" class="tests\unit\modules\api\controllers\FaultsControllerSimpleTest" classname="tests.unit.modules.api.controllers.FaultsControllerSimpleTest" assertions="2" time="0.000333"/>
        <testcase name="testPrivateMethodsArePrivate" file="/Users/dominikpalatynski/Public/device-measurement-tracker/yii-app/tests/unit/modules/api/controllers/FaultsControllerSimpleTest.php" line="147" class="tests\unit\modules\api\controllers\FaultsControllerSimpleTest" classname="tests.unit.modules.api.controllers.FaultsControllerSimpleTest" assertions="2" time="0.000337"/>
        <testcase name="testBehaviorsArrayStructure" file="/Users/dominikpalatynski/Public/device-measurement-tracker/yii-app/tests/unit/modules/api/controllers/FaultsControllerSimpleTest.php" line="158" class="tests\unit\modules\api\controllers\FaultsControllerSimpleTest" classname="tests.unit.modules.api.controllers.FaultsControllerSimpleTest" assertions="4" time="0.000424"/>
        <testcase name="testCorsOriginsContainRequiredHosts" file="/Users/dominikpalatynski/Public/device-measurement-tracker/yii-app/tests/unit/modules/api/controllers/FaultsControllerSimpleTest.php" line="169" class="tests\unit\modules\api\controllers\FaultsControllerSimpleTest" classname="tests.unit.modules.api.controllers.FaultsControllerSimpleTest" assertions="4" time="0.000437"/>
        <testcase name="testJwtAuthExcludesTestEndpoint" file="/Users/dominikpalatynski/Public/device-measurement-tracker/yii-app/tests/unit/modules/api/controllers/FaultsControllerSimpleTest.php" line="183" class="tests\unit\modules\api\controllers\FaultsControllerSimpleTest" classname="tests.unit.modules.api.controllers.FaultsControllerSimpleTest" assertions="2" time="0.000435"/>
        <testcase name="testControllerIdProperty" file="/Users/dominikpalatynski/Public/device-measurement-tracker/yii-app/tests/unit/modules/api/controllers/FaultsControllerSimpleTest.php" line="192" class="tests\unit\modules\api\controllers\FaultsControllerSimpleTest" classname="tests.unit.modules.api.controllers.FaultsControllerSimpleTest" assertions="2" time="0.000504"/>
        <testcase name="testControllerModuleProperty" file="/Users/dominikpalatynski/Public/device-measurement-tracker/yii-app/tests/unit/modules/api/controllers/FaultsControllerSimpleTest.php" line="198" class="tests\unit\modules\api\controllers\FaultsControllerSimpleTest" classname="tests.unit.modules.api.controllers.FaultsControllerSimpleTest" assertions="1" time="0.000337"/>
        <testcase name="testBehaviorsConfiguration" file="/Users/dominikpalatynski/Public/device-measurement-tracker/yii-app/tests/unit/modules/api/controllers/FaultsControllerSimpleTest.php" line="44" class="tests\unit\modules\api\controllers\FaultsControllerSimpleTest" classname="tests.unit.modules.api.controllers.FaultsControllerSimpleTest" assertions="13" time="0.000446"/>
      </testsuite>
      <testsuite name="tests\unit\modules\api\controllers\MeasurementChannelControllerTest" file="/Users/dominikpalatynski/Public/device-measurement-tracker/yii-app/tests/unit/modules/api/controllers/MeasurementChannelControllerTest.php" tests="25" assertions="73" errors="0" failures="0" skipped="0" time="0.010751">
        <testcase name="testActionTest" file="/Users/dominikpalatynski/Public/device-measurement-tracker/yii-app/tests/unit/modules/api/controllers/MeasurementChannelControllerTest.php" line="33" class="tests\unit\modules\api\controllers\MeasurementChannelControllerTest" classname="tests.unit.modules.api.controllers.MeasurementChannelControllerTest" assertions="6" time="0.001429"/>
        <testcase name="testControllerCanBeInstantiated" file="/Users/dominikpalatynski/Public/device-measurement-tracker/yii-app/tests/unit/modules/api/controllers/MeasurementChannelControllerTest.php" line="73" class="tests\unit\modules\api\controllers\MeasurementChannelControllerTest" classname="tests.unit.modules.api.controllers.MeasurementChannelControllerTest" assertions="1" time="0.000394"/>
        <testcase name="testControllerHasCorrectId" file="/Users/dominikpalatynski/Public/device-measurement-tracker/yii-app/tests/unit/modules/api/controllers/MeasurementChannelControllerTest.php" line="78" class="tests\unit\modules\api\controllers\MeasurementChannelControllerTest" classname="tests.unit.modules.api.controllers.MeasurementChannelControllerTest" assertions="1" time="0.000372"/>
        <testcase name="testCorsOriginConfiguration" file="/Users/dominikpalatynski/Public/device-measurement-tracker/yii-app/tests/unit/modules/api/controllers/MeasurementChannelControllerTest.php" line="83" class="tests\unit\modules\api\controllers\MeasurementChannelControllerTest" classname="tests.unit.modules.api.controllers.MeasurementChannelControllerTest" assertions="4" time="0.000453"/>
        <testcase name="testHttpMethodsConfiguration" file="/Users/dominikpalatynski/Public/device-measurement-tracker/yii-app/tests/unit/modules/api/controllers/MeasurementChannelControllerTest.php" line="99" class="tests\unit\modules\api\controllers\MeasurementChannelControllerTest" classname="tests.unit.modules.api.controllers.MeasurementChannelControllerTest" assertions="5" time="0.000459"/>
        <testcase name="testControllerInheritance" file="/Users/dominikpalatynski/Public/device-measurement-tracker/yii-app/tests/unit/modules/api/controllers/MeasurementChannelControllerTest.php" line="113" class="tests\unit\modules\api\controllers\MeasurementChannelControllerTest" classname="tests.unit.modules.api.controllers.MeasurementChannelControllerTest" assertions="1" time="0.000357"/>
        <testcase name="testVerbsConfiguration" file="/Users/dominikpalatynski/Public/device-measurement-tracker/yii-app/tests/unit/modules/api/controllers/MeasurementChannelControllerTest.php" line="118" class="tests\unit\modules\api\controllers\MeasurementChannelControllerTest" classname="tests.unit.modules.api.controllers.MeasurementChannelControllerTest" assertions="5" time="0.000432"/>
        <testcase name="testJwtAuthenticationExceptions" file="/Users/dominikpalatynski/Public/device-measurement-tracker/yii-app/tests/unit/modules/api/controllers/MeasurementChannelControllerTest.php" line="131" class="tests\unit\modules\api\controllers\MeasurementChannelControllerTest" classname="tests.unit.modules.api.controllers.MeasurementChannelControllerTest" assertions="2" time="0.000425"/>
        <testcase name="testActionListExists" file="/Users/dominikpalatynski/Public/device-measurement-tracker/yii-app/tests/unit/modules/api/controllers/MeasurementChannelControllerTest.php" line="140" class="tests\unit\modules\api\controllers\MeasurementChannelControllerTest" classname="tests.unit.modules.api.controllers.MeasurementChannelControllerTest" assertions="1" time="0.000343"/>
        <testcase name="testActionViewExists" file="/Users/dominikpalatynski/Public/device-measurement-tracker/yii-app/tests/unit/modules/api/controllers/MeasurementChannelControllerTest.php" line="145" class="tests\unit\modules\api\controllers\MeasurementChannelControllerTest" classname="tests.unit.modules.api.controllers.MeasurementChannelControllerTest" assertions="1" time="0.000336"/>
        <testcase name="testActionCreateExists" file="/Users/dominikpalatynski/Public/device-measurement-tracker/yii-app/tests/unit/modules/api/controllers/MeasurementChannelControllerTest.php" line="150" class="tests\unit\modules\api\controllers\MeasurementChannelControllerTest" classname="tests.unit.modules.api.controllers.MeasurementChannelControllerTest" assertions="1" time="0.000331"/>
        <testcase name="testActionUpdateExists" file="/Users/dominikpalatynski/Public/device-measurement-tracker/yii-app/tests/unit/modules/api/controllers/MeasurementChannelControllerTest.php" line="155" class="tests\unit\modules\api\controllers\MeasurementChannelControllerTest" classname="tests.unit.modules.api.controllers.MeasurementChannelControllerTest" assertions="1" time="0.000334"/>
        <testcase name="testActionDeleteExists" file="/Users/dominikpalatynski/Public/device-measurement-tracker/yii-app/tests/unit/modules/api/controllers/MeasurementChannelControllerTest.php" line="160" class="tests\unit\modules\api\controllers\MeasurementChannelControllerTest" classname="tests.unit.modules.api.controllers.MeasurementChannelControllerTest" assertions="1" time="0.000342"/>
        <testcase name="testActionFindChannelExists" file="/Users/dominikpalatynski/Public/device-measurement-tracker/yii-app/tests/unit/modules/api/controllers/MeasurementChannelControllerTest.php" line="165" class="tests\unit\modules\api\controllers\MeasurementChannelControllerTest" classname="tests.unit.modules.api.controllers.MeasurementChannelControllerTest" assertions="1" time="0.000340"/>
        <testcase name="testBehaviorsKeysExist" file="/Users/dominikpalatynski/Public/device-measurement-tracker/yii-app/tests/unit/modules/api/controllers/MeasurementChannelControllerTest.php" line="170" class="tests\unit\modules\api\controllers\MeasurementChannelControllerTest" classname="tests.unit.modules.api.controllers.MeasurementChannelControllerTest" assertions="4" time="0.000436"/>
        <testcase name="testContentNegotiatorFormats" file="/Users/dominikpalatynski/Public/device-measurement-tracker/yii-app/tests/unit/modules/api/controllers/MeasurementChannelControllerTest.php" line="180" class="tests\unit\modules\api\controllers\MeasurementChannelControllerTest" classname="tests.unit.modules.api.controllers.MeasurementChannelControllerTest" assertions="3" time="0.000421"/>
        <testcase name="testCorsCredentialsEnabled" file="/Users/dominikpalatynski/Public/device-measurement-tracker/yii-app/tests/unit/modules/api/controllers/MeasurementChannelControllerTest.php" line="190" class="tests\unit\modules\api\controllers\MeasurementChannelControllerTest" classname="tests.unit.modules.api.controllers.MeasurementChannelControllerTest" assertions="1" time="0.000414"/>
        <testcase name="testCorsMaxAge" file="/Users/dominikpalatynski/Public/device-measurement-tracker/yii-app/tests/unit/modules/api/controllers/MeasurementChannelControllerTest.php" line="198" class="tests\unit\modules\api\controllers\MeasurementChannelControllerTest" classname="tests.unit.modules.api.controllers.MeasurementChannelControllerTest" assertions="1" time="0.000403"/>
        <testcase name="testCorsRequestHeaders" file="/Users/dominikpalatynski/Public/device-measurement-tracker/yii-app/tests/unit/modules/api/controllers/MeasurementChannelControllerTest.php" line="206" class="tests\unit\modules\api\controllers\MeasurementChannelControllerTest" classname="tests.unit.modules.api.controllers.MeasurementChannelControllerTest" assertions="1" time="0.000401"/>
        <testcase name="testControllerModuleIsNull" file="/Users/dominikpalatynski/Public/device-measurement-tracker/yii-app/tests/unit/modules/api/controllers/MeasurementChannelControllerTest.php" line="214" class="tests\unit\modules\api\controllers\MeasurementChannelControllerTest" classname="tests.unit.modules.api.controllers.MeasurementChannelControllerTest" assertions="1" time="0.000337"/>
        <testcase name="testControllerWithModule" file="/Users/dominikpalatynski/Public/device-measurement-tracker/yii-app/tests/unit/modules/api/controllers/MeasurementChannelControllerTest.php" line="220" class="tests\unit\modules\api\controllers\MeasurementChannelControllerTest" classname="tests.unit.modules.api.controllers.MeasurementChannelControllerTest" assertions="2" time="0.000354"/>
        <testcase name="testCorsOriginsIncludeSpecificHosts" file="/Users/dominikpalatynski/Public/device-measurement-tracker/yii-app/tests/unit/modules/api/controllers/MeasurementChannelControllerTest.php" line="230" class="tests\unit\modules\api\controllers\MeasurementChannelControllerTest" classname="tests.unit.modules.api.controllers.MeasurementChannelControllerTest" assertions="4" time="0.000428"/>
        <testcase name="testHttpMethodsAreComplete" file="/Users/dominikpalatynski/Public/device-measurement-tracker/yii-app/tests/unit/modules/api/controllers/MeasurementChannelControllerTest.php" line="248" class="tests\unit\modules\api\controllers\MeasurementChannelControllerTest" classname="tests.unit.modules.api.controllers.MeasurementChannelControllerTest" assertions="6" time="0.000420"/>
        <testcase name="testActionMethodsExist" file="/Users/dominikpalatynski/Public/device-measurement-tracker/yii-app/tests/unit/modules/api/controllers/MeasurementChannelControllerTest.php" line="261" class="tests\unit\modules\api\controllers\MeasurementChannelControllerTest" classname="tests.unit.modules.api.controllers.MeasurementChannelControllerTest" assertions="6" time="0.000359"/>
        <testcase name="testBehaviorsConfiguration" file="/Users/dominikpalatynski/Public/device-measurement-tracker/yii-app/tests/unit/modules/api/controllers/MeasurementChannelControllerTest.php" line="45" class="tests\unit\modules\api\controllers\MeasurementChannelControllerTest" classname="tests.unit.modules.api.controllers.MeasurementChannelControllerTest" assertions="13" time="0.000435"/>
      </testsuite>
      <testsuite name="tests\unit\modules\api\controllers\MongoDBControllerTest" file="/Users/dominikpalatynski/Public/device-measurement-tracker/yii-app/tests/unit/modules/api/controllers/MongoDBControllerTest.php" tests="16" assertions="38" errors="0" failures="0" skipped="0" time="0.084825">
        <testcase name="testBehaviorsConfiguration" file="/Users/dominikpalatynski/Public/device-measurement-tracker/yii-app/tests/unit/modules/api/controllers/MongoDBControllerTest.php" line="92" class="tests\unit\modules\api\controllers\MongoDBControllerTest" classname="tests.unit.modules.api.controllers.MongoDBControllerTest" assertions="4" time="0.011076"/>
        <testcase name="testDependencyInjectionWorks" file="/Users/dominikpalatynski/Public/device-measurement-tracker/yii-app/tests/unit/modules/api/controllers/MongoDBControllerTest.php" line="105" class="tests\unit\modules\api\controllers\MongoDBControllerTest" classname="tests.unit.modules.api.controllers.MongoDBControllerTest" assertions="2" time="0.007304"/>
        <testcase name="testControllerInitializationFailure" file="/Users/dominikpalatynski/Public/device-measurement-tracker/yii-app/tests/unit/modules/api/controllers/MongoDBControllerTest.php" line="183" class="tests\unit\modules\api\controllers\MongoDBControllerTest" classname="tests.unit.modules.api.controllers.MongoDBControllerTest" assertions="1" time="0.005627"/>
        <testcase name="testActionDataSeriesListExists" file="/Users/dominikpalatynski/Public/device-measurement-tracker/yii-app/tests/unit/modules/api/controllers/MongoDBControllerTest.php" line="196" class="tests\unit\modules\api\controllers\MongoDBControllerTest" classname="tests.unit.modules.api.controllers.MongoDBControllerTest" assertions="1" time="0.005500"/>
        <testcase name="testBehaviorsContentTypes" file="/Users/dominikpalatynski/Public/device-measurement-tracker/yii-app/tests/unit/modules/api/controllers/MongoDBControllerTest.php" line="208" class="tests\unit\modules\api\controllers\MongoDBControllerTest" classname="tests.unit.modules.api.controllers.MongoDBControllerTest" assertions="2" time="0.004101"/>
        <testcase name="testBehaviorsCorsHeaders" file="/Users/dominikpalatynski/Public/device-measurement-tracker/yii-app/tests/unit/modules/api/controllers/MongoDBControllerTest.php" line="218" class="tests\unit\modules\api\controllers\MongoDBControllerTest" classname="tests.unit.modules.api.controllers.MongoDBControllerTest" assertions="2" time="0.005924"/>
        <testcase name="testMongoServicePropertyAccess" file="/Users/dominikpalatynski/Public/device-measurement-tracker/yii-app/tests/unit/modules/api/controllers/MongoDBControllerTest.php" line="228" class="tests\unit\modules\api\controllers\MongoDBControllerTest" classname="tests.unit.modules.api.controllers.MongoDBControllerTest" assertions="2" time="0.004576"/>
        <testcase name="testActionTestConnectionFailure" file="/Users/dominikpalatynski/Public/device-measurement-tracker/yii-app/tests/unit/modules/api/controllers/MongoDBControllerTest.php" line="69" class="tests\unit\modules\api\controllers\MongoDBControllerTest" classname="tests.unit.modules.api.controllers.MongoDBControllerTest" assertions="4" time="0.004467"/>
        <testcase name="testActionTestWithMissingDatabase" file="/Users/dominikpalatynski/Public/device-measurement-tracker/yii-app/tests/unit/modules/api/controllers/MongoDBControllerTest.php" line="117" class="tests\unit\modules\api\controllers\MongoDBControllerTest" classname="tests.unit.modules.api.controllers.MongoDBControllerTest" assertions="4" time="0.004682"/>
        <testcase name="testActionTestWithEmptyCollections" file="/Users/dominikpalatynski/Public/device-measurement-tracker/yii-app/tests/unit/modules/api/controllers/MongoDBControllerTest.php" line="141" class="tests\unit\modules\api\controllers\MongoDBControllerTest" classname="tests.unit.modules.api.controllers.MongoDBControllerTest" assertions="3" time="0.004381"/>
        <testcase name="testActionTestThrowsException" file="/Users/dominikpalatynski/Public/device-measurement-tracker/yii-app/tests/unit/modules/api/controllers/MongoDBControllerTest.php" line="160" class="tests\unit\modules\api\controllers\MongoDBControllerTest" classname="tests.unit.modules.api.controllers.MongoDBControllerTest" assertions="3" time="0.003881"/>
        <testcase name="testActionMeasurementsExists" file="/Users/dominikpalatynski/Public/device-measurement-tracker/yii-app/tests/unit/modules/api/controllers/MongoDBControllerTest.php" line="190" class="tests\unit\modules\api\controllers\MongoDBControllerTest" classname="tests.unit.modules.api.controllers.MongoDBControllerTest" assertions="1" time="0.003979"/>
        <testcase name="testControllerInheritance" file="/Users/dominikpalatynski/Public/device-measurement-tracker/yii-app/tests/unit/modules/api/controllers/MongoDBControllerTest.php" line="202" class="tests\unit\modules\api\controllers\MongoDBControllerTest" classname="tests.unit.modules.api.controllers.MongoDBControllerTest" assertions="1" time="0.003965"/>
        <testcase name="testControllerCanBeInstantiated" file="/Users/dominikpalatynski/Public/device-measurement-tracker/yii-app/tests/unit/modules/api/controllers/MongoDBControllerTest.php" line="87" class="tests\unit\modules\api\controllers\MongoDBControllerTest" classname="tests.unit.modules.api.controllers.MongoDBControllerTest" assertions="1" time="0.004130"/>
        <testcase name="testActionTest" file="/Users/dominikpalatynski/Public/device-measurement-tracker/yii-app/tests/unit/modules/api/controllers/MongoDBControllerTest.php" line="40" class="tests\unit\modules\api\controllers\MongoDBControllerTest" classname="tests.unit.modules.api.controllers.MongoDBControllerTest" assertions="6" time="0.004144"/>
        <testcase name="testControllerInitialization" file="/Users/dominikpalatynski/Public/device-measurement-tracker/yii-app/tests/unit/modules/api/controllers/MongoDBControllerTest.php" line="174" class="tests\unit\modules\api\controllers\MongoDBControllerTest" classname="tests.unit.modules.api.controllers.MongoDBControllerTest" assertions="1" time="0.007089"/>
      </testsuite>
      <testsuite name="tests\unit\modules\api\controllers\UsersControllerTest" file="/Users/dominikpalatynski/Public/device-measurement-tracker/yii-app/tests/unit/modules/api/controllers/UsersControllerTest.php" tests="14" assertions="7" errors="7" failures="7" skipped="0" time="0.050879">
        <testcase name="testActionUpdate" file="/Users/dominikpalatynski/Public/device-measurement-tracker/yii-app/tests/unit/modules/api/controllers/UsersControllerTest.php" line="354" class="tests\unit\modules\api\controllers\UsersControllerTest" classname="tests.unit.modules.api.controllers.UsersControllerTest" assertions="0" time="0.024421">
          <error type="Error">tests\unit\modules\api\controllers\UsersControllerTest::testActionUpdate
Error: Call to a member function build() on null

/Users/dominikpalatynski/Public/device-measurement-tracker/yii-app/vendor/yiisoft/yii2/db/ActiveQuery.php:349
/Users/dominikpalatynski/Public/device-measurement-tracker/yii-app/vendor/yiisoft/yii2/db/Query.php:287
/Users/dominikpalatynski/Public/device-measurement-tracker/yii-app/vendor/yiisoft/yii2/db/ActiveQuery.php:325
/Users/dominikpalatynski/Public/device-measurement-tracker/yii-app/vendor/yiisoft/yii2/db/BaseActiveRecord.php:110
/Users/dominikpalatynski/Public/device-measurement-tracker/yii-app/modules/api/controllers/UsersController.php:375
/Users/dominikpalatynski/Public/device-measurement-tracker/yii-app/modules/api/controllers/UsersController.php:243
/Users/dominikpalatynski/Public/device-measurement-tracker/yii-app/tests/unit/modules/api/controllers/UsersControllerTest.php:373</error>
        </testcase>
        <testcase name="testActionDelete" file="/Users/dominikpalatynski/Public/device-measurement-tracker/yii-app/tests/unit/modules/api/controllers/UsersControllerTest.php" line="392" class="tests\unit\modules\api\controllers\UsersControllerTest" classname="tests.unit.modules.api.controllers.UsersControllerTest" assertions="0" time="0.001391">
          <error type="Error">tests\unit\modules\api\controllers\UsersControllerTest::testActionDelete
Error: Call to a member function build() on null

/Users/dominikpalatynski/Public/device-measurement-tracker/yii-app/vendor/yiisoft/yii2/db/ActiveQuery.php:349
/Users/dominikpalatynski/Public/device-measurement-tracker/yii-app/vendor/yiisoft/yii2/db/Query.php:287
/Users/dominikpalatynski/Public/device-measurement-tracker/yii-app/vendor/yiisoft/yii2/db/ActiveQuery.php:325
/Users/dominikpalatynski/Public/device-measurement-tracker/yii-app/vendor/yiisoft/yii2/db/BaseActiveRecord.php:110
/Users/dominikpalatynski/Public/device-measurement-tracker/yii-app/modules/api/controllers/UsersController.php:375
/Users/dominikpalatynski/Public/device-measurement-tracker/yii-app/modules/api/controllers/UsersController.php:280
/Users/dominikpalatynski/Public/device-measurement-tracker/yii-app/tests/unit/modules/api/controllers/UsersControllerTest.php:398</error>
        </testcase>
        <testcase name="testActionActivate" file="/Users/dominikpalatynski/Public/device-measurement-tracker/yii-app/tests/unit/modules/api/controllers/UsersControllerTest.php" line="416" class="tests\unit\modules\api\controllers\UsersControllerTest" classname="tests.unit.modules.api.controllers.UsersControllerTest" assertions="0" time="0.001291">
          <error type="Error">tests\unit\modules\api\controllers\UsersControllerTest::testActionActivate
Error: Call to a member function build() on null

/Users/dominikpalatynski/Public/device-measurement-tracker/yii-app/vendor/yiisoft/yii2/db/ActiveQuery.php:349
/Users/dominikpalatynski/Public/device-measurement-tracker/yii-app/vendor/yiisoft/yii2/db/Query.php:287
/Users/dominikpalatynski/Public/device-measurement-tracker/yii-app/vendor/yiisoft/yii2/db/ActiveQuery.php:325
/Users/dominikpalatynski/Public/device-measurement-tracker/yii-app/vendor/yiisoft/yii2/db/BaseActiveRecord.php:110
/Users/dominikpalatynski/Public/device-measurement-tracker/yii-app/modules/api/controllers/UsersController.php:375
/Users/dominikpalatynski/Public/device-measurement-tracker/yii-app/modules/api/controllers/UsersController.php:310
/Users/dominikpalatynski/Public/device-measurement-tracker/yii-app/tests/unit/modules/api/controllers/UsersControllerTest.php:423</error>
        </testcase>
        <testcase name="testActionDeactivate" file="/Users/dominikpalatynski/Public/device-measurement-tracker/yii-app/tests/unit/modules/api/controllers/UsersControllerTest.php" line="443" class="tests\unit\modules\api\controllers\UsersControllerTest" classname="tests.unit.modules.api.controllers.UsersControllerTest" assertions="0" time="0.001252">
          <error type="Error">tests\unit\modules\api\controllers\UsersControllerTest::testActionDeactivate
Error: Call to a member function build() on null

/Users/dominikpalatynski/Public/device-measurement-tracker/yii-app/vendor/yiisoft/yii2/db/ActiveQuery.php:349
/Users/dominikpalatynski/Public/device-measurement-tracker/yii-app/vendor/yiisoft/yii2/db/Query.php:287
/Users/dominikpalatynski/Public/device-measurement-tracker/yii-app/vendor/yiisoft/yii2/db/ActiveQuery.php:325
/Users/dominikpalatynski/Public/device-measurement-tracker/yii-app/vendor/yiisoft/yii2/db/BaseActiveRecord.php:110
[...]
Failed asserting that exception of type "Error" matches expected exception "yii\web\NotFoundHttpException". Message was: "Call to a member function build() on null" at
/Users/dominikpalatynski/Public/device-measurement-tracker/yii-app/vendor/yiisoft/yii2/db/ActiveQuery.php:349
/Users/dominikpalatynski/Public/device-measurement-tracker/yii-app/vendor/yiisoft/yii2/db/Query.php:287
/Users/dominikpalatynski/Public/device-measurement-tracker/yii-app/vendor/yiisoft/yii2/db/ActiveQuery.php:325
/Users/dominikpalatynski/Public/device-measurement-tracker/yii-app/vendor/yiisoft/yii2/db/BaseActiveRecord.php:110
/Users/dominikpalatynski/Public/device-measurement-tracker/yii-app/modules/api/controllers/UsersController.php:375
/Users/dominikpalatynski/Public/device-measurement-tracker/yii-app/modules/api/controllers/UsersController.php:179
/Users/dominikpalatynski/Public/device-measurement-tracker/yii-app/tests/unit/modules/api/controllers/UsersControllerTest.php:296
.</failure>
        </testcase>
        <testcase name="testActionActivateAlreadyActive" file="/Users/dominikpalatynski/Public/device-measurement-tracker/yii-app/tests/unit/modules/api/controllers/UsersControllerTest.php" line="430" class="tests\unit\modules\api\controllers\UsersControllerTest" classname="tests.unit.modules.api.controllers.UsersControllerTest" assertions="1" time="0.001544">
          <failure type="PHPUnit\Framework\ExpectationFailedException">tests\unit\modules\api\controllers\UsersControllerTest::testActionActivateAlreadyActive
Failed asserting that exception of type "Error" matches expected exception "yii\web\BadRequestHttpException". Message was: "Call to a member function build() on null" at
/Users/dominikpalatynski/Public/device-measurement-tracker/yii-app/vendor/yiisoft/yii2/db/ActiveQuery.php:349
/Users/dominikpalatynski/Public/device-measurement-tracker/yii-app/vendor/yiisoft/yii2/db/Query.php:287
/Users/dominikpalatynski/Public/device-measurement-tracker/yii-app/vendor/yiisoft/yii2/db/ActiveQuery.php:325
/Users/dominikpalatynski/Public/device-measurement-tracker/yii-app/vendor/yiisoft/yii2/db/BaseActiveRecord.php:110
/Users/dominikpalatynski/Public/device-measurement-tracker/yii-app/modules/api/controllers/UsersController.php:375
/Users/dominikpalatynski/Public/device-measurement-tracker/yii-app/modules/api/controllers/UsersController.php:310
/Users/dominikpalatynski/Public/device-measurement-tracker/yii-app/tests/unit/modules/api/controllers/UsersControllerTest.php:440
.</failure>
        </testcase>
        <testcase name="testActionCreate" file="/Users/dominikpalatynski/Public/device-measurement-tracker/yii-app/tests/unit/modules/api/controllers/UsersControllerTest.php" line="299" class="tests\unit\modules\api\controllers\UsersControllerTest" classname="tests.unit.modules.api.controllers.UsersControllerTest" assertions="1" time="0.004782">
          <failure type="PHPUnit\Framework\ExpectationFailedException">tests\unit\modules\api\controllers\UsersControllerTest::testActionCreate
Failed asserting that false is true.

/Users/dominikpalatynski/Public/device-measurement-tracker/yii-app/tests/unit/modules/api/controllers/UsersControllerTest.php:326</failure>
        </testcase>
        <testcase name="testActionCreateValidationError" file="/Users/dominikpalatynski/Public/device-measurement-tracker/yii-app/tests/unit/modules/api/controllers/UsersControllerTest.php" line="331" class="tests\unit\modules\api\controllers\UsersControllerTest" classname="tests.unit.modules.api.controllers.UsersControllerTest" assertions="1" time="0.001674">
          <failure type="PHPUnit\Framework\ExpectationFailedException">tests\unit\modules\api\controllers\UsersControllerTest::testActionCreateValidationError
Failed asserting that exception of type "yii\web\BadRequestHttpException" is thrown.</failure>
        </testcase>
        <testcase name="testActionDeleteNotFound" file="/Users/dominikpalatynski/Public/device-measurement-tracker/yii-app/tests/unit/modules/api/controllers/UsersControllerTest.php" line="405" class="tests\unit\modules\api\controllers\UsersControllerTest" classname="tests.unit.modules.api.controllers.UsersControllerTest" assertions="1" time="0.001571">
          <failure type="PHPUnit\Framework\ExpectationFailedException">tests\unit\modules\api\controllers\UsersControllerTest::testActionDeleteNotFound
Failed asserting that exception of type "Error" matches expected exception "yii\web\NotFoundHttpException". Message was: "Call to a member function build() on null" at
/Users/dominikpalatynski/Public/device-measurement-tracker/yii-app/vendor/yiisoft/yii2/db/ActiveQuery.php:349
/Users/dominikpalatynski/Public/device-measurement-tracker/yii-app/vendor/yiisoft/yii2/db/Query.php:287
/Users/dominikpalatynski/Public/device-measurement-tracker/yii-app/vendor/yiisoft/yii2/db/ActiveQuery.php:325
/Users/dominikpalatynski/Public/device-measurement-tracker/yii-app/vendor/yiisoft/yii2/db/BaseActiveRecord.php:110
/Users/dominikpalatynski/Public/device-measurement-tracker/yii-app/modules/api/controllers/UsersController.php:375
/Users/dominikpalatynski/Public/device-measurement-tracker/yii-app/modules/api/controllers/UsersController.php:280
/Users/dominikpalatynski/Public/device-measurement-tracker/yii-app/tests/unit/modules/api/controllers/UsersControllerTest.php:413
.</failure>
        </testcase>
      </testsuite>
      <testsuite name="tests\unit\services\MeasurementServiceTest" file="/Users/dominikpalatynski/Public/device-measurement-tracker/yii-app/tests/unit/services/MeasurementServiceTest.php" tests="15" assertions="64" errors="0" failures="0" skipped="0" time="0.087619">
        <testcase name="testProcessRealTimeDataMqttMessageConditionAndFaultNotFound" file="/Users/dominikpalatynski/Public/device-measurement-tracker/yii-app/tests/unit/services/MeasurementServiceTest.php" line="133" class="tests\unit\services\MeasurementServiceTest" classname="tests.unit.services.MeasurementServiceTest" assertions="7" time="0.005157">
          <system-out>[32m[MQTT] Processing real time data message: {"deviceId":"dev-123","data_series":"series-1","condition_name":"ConditionA","data":[1,2,3]}[0m
[31m[MQTT] Error: Fault not found: dev-123[0m
</system-out>
        </testcase>
        <testcase name="testProcessRealTimeDataMqttMessageMongoServiceSaveFails" file="/Users/dominikpalatynski/Public/device-measurement-tracker/yii-app/tests/unit/services/MeasurementServiceTest.php" line="216" class="tests\unit\services\MeasurementServiceTest" classname="tests.unit.services.MeasurementServiceTest" assertions="8" time="0.020114">
          <system-out>[32m[MQTT] Processing real time data message: {"deviceId":"dev-123","data_series":"series-1","condition_name":"ConditionA","data":[1,2,3]}[0m
</system-out>
        </testcase>
        <testcase name="testProcessRealTimeDataWithComplexDataStructure" file="/Users/dominikpalatynski/Public/device-measurement-tracker/yii-app/tests/unit/services/MeasurementServiceTest.php" line="385" class="tests\unit\services\MeasurementServiceTest" classname="tests.unit.services.MeasurementServiceTest" assertions="11" time="0.005186">
          <system-out>[32m[MQTT] Processing real time data message: {"deviceId":"dev-123","data_series":"complex-series","condition_name":"ComplexCondition","data":{"timestamp":"2023-01-01T10:00:00Z","measurements":[{"channel":"A","value":1.23},{"channel":"B","value":4.56}],"metadata":{"unit":"volts","frequency":50}}}[0m
</system-out>
        </testcase>
        <testcase name="testProcessRealTimeDataMqttMessageMongoServiceNull" file="/Users/dominikpalatynski/Public/device-measurement-tracker/yii-app/tests/unit/services/MeasurementServiceTest.php" line="175" class="tests\unit\services\MeasurementServiceTest" classname="tests.unit.services.MeasurementServiceTest" assertions="7" time="0.004246">
          <system-out>[32m[MQTT] Processing real time data message: {"deviceId":"dev-123","data_series":"series-1","condition_name":"ConditionA","data":[1,2,3]}[0m
</system-out>
        </testcase>
        <testcase name="testProcessRealTimeDataWithNullMongoService" file="/Users/dominikpalatynski/Public/device-measurement-tracker/yii-app/tests/unit/services/MeasurementServiceTest.php" line="335" class="tests\unit\services\MeasurementServiceTest" classname="tests.unit.services.MeasurementServiceTest" assertions="7" time="0.006880">
          <system-out>[32m[MQTT] Processing real time data message: {"deviceId":"dev-123","data_series":"series-1","condition_name":"ConditionA","data":[1,2,3]}[0m
</system-out>
        </testcase>
        <testcase name="testProcessRealTimeDataMqttMessageWithMocks" file="/Users/dominikpalatynski/Public/device-measurement-tracker/yii-app/tests/unit/services/MeasurementServiceTest.php" line="28" class="tests\unit\services\MeasurementServiceTest" classname="tests.unit.services.MeasurementServiceTest" assertions="11" time="0.005425">
          <system-out>[32m[MQTT] Processing real time data message: {"deviceId":"dev-123","data_series":"series-1","condition_name":"ConditionA","data":[1,2,3]}[0m
</system-out>
        </testcase>
        <testcase name="testProcessRealTimeDataEmptyData" file="/Users/dominikpalatynski/Public/device-measurement-tracker/yii-app/tests/unit/services/MeasurementServiceTest.php" line="316" class="tests\unit\services\MeasurementServiceTest" classname="tests.unit.services.MeasurementServiceTest" assertions="1" time="0.005374">
          <system-out>[32m[MQTT] Processing real time data message: {"deviceId":"dev-123","data_series":"series-1","condition_name":"ConditionA","data":[]}[0m
[31m[MQTT] Error: Device not found: dev-123[0m
</system-out>
        </testcase>
        <testcase name="testProcessRealTimeDataInvalidJson" file="/Users/dominikpalatynski/Public/device-measurement-tracker/yii-app/tests/unit/services/MeasurementServiceTest.php" line="266" class="tests\unit\services\MeasurementServiceTest" classname="tests.unit.services.MeasurementServiceTest" assertions="1" time="0.004531">
          <system-out>[32m[MQTT] Processing real time data message: invalid json string[0m
[31m[MQTT] Error: Syntax error[0m
</system-out>
        </testcase>
        <testcase name="testProcessRealTimeDataMissingDeviceId" file="/Users/dominikpalatynski/Public/device-measurement-tracker/yii-app/tests/unit/services/MeasurementServiceTest.php" line="280" class="tests\unit\services\MeasurementServiceTest" classname="tests.unit.services.MeasurementServiceTest" assertions="1" time="0.004712">
          <system-out>[32m[MQTT] Processing real time data message: {"data_series":"series-1","condition_name":"ConditionA","data":[1,2,3]}[0m
[31m[MQTT] Error: Device not found: dev-123[0m
</system-out>
        </testcase>
        <testcase name="testProcessRealTimeDataMissingDataSeries" file="/Users/dominikpalatynski/Public/device-measurement-tracker/yii-app/tests/unit/services/MeasurementServiceTest.php" line="298" class="tests\unit\services\MeasurementServiceTest" classname="tests.unit.services.MeasurementServiceTest" assertions="1" time="0.003988">
          <system-out>[32m[MQTT] Processing real time data message: {"deviceId":"dev-123","condition_name":"ConditionA","data":[1,2,3]}[0m
[31m[MQTT] Error: Device not found: dev-123[0m
</system-out>
        </testcase>
        <testcase name="testServiceConstructorWithAllNullParameters" file="/Users/dominikpalatynski/Public/device-measurement-tracker/yii-app/tests/unit/services/MeasurementServiceTest.php" line="379" class="tests\unit\services\MeasurementServiceTest" classname="tests.unit.services.MeasurementServiceTest" assertions="1" time="0.003384"/>
        <testcase name="testProcessRealTimeDataWithExceptionHandling" file="/Users/dominikpalatynski/Public/device-measurement-tracker/yii-app/tests/unit/services/MeasurementServiceTest.php" line="452" class="tests\unit\services\MeasurementServiceTest" classname="tests.unit.services.MeasurementServiceTest" assertions="2" time="0.003954">
          <system-out>[32m[MQTT] Processing real time data message: {"deviceId":"dev-error","data_series":"error-series","condition_name":"ErrorCondition","data":[1,2,3]}[0m
[31m[MQTT] Error: Database error[0m
</system-out>
        </testcase>
        <testcase name="testGetMethodsExist" file="/Users/dominikpalatynski/Public/device-measurement-tracker/yii-app/tests/unit/services/MeasurementServiceTest.php" line="476" class="tests\unit\services\MeasurementServiceTest" classname="tests.unit.services.MeasurementServiceTest" assertions="2" time="0.003825"/>
        <testcase name="testProcessRealTimeDataMqttMessageDeviceNotFound" file="/Users/dominikpalatynski/Public/device-measurement-tracker/yii-app/tests/unit/services/MeasurementServiceTest.php" line="103" class="tests\unit\services\MeasurementServiceTest" classname="tests.unit.services.MeasurementServiceTest" assertions="3" time="0.006103">
          <system-out>[32m[MQTT] Processing real time data message: {"deviceId":"dev-404","data_series":"series-1","condition_name":"ConditionA","data":[1,2,3]}[0m
[31m[MQTT] Error: Device not found: dev-404[0m
</system-out>
        </testcase>
        <testcase name="testCanBeInstantiated" file="/Users/dominikpalatynski/Public/device-measurement-tracker/yii-app/tests/unit/services/MeasurementServiceTest.php" line="19" class="tests\unit\services\MeasurementServiceTest" classname="tests.unit.services.MeasurementServiceTest" assertions="1" time="0.004741"/>
      </testsuite>
      <testsuite name="tests\unit\models\DevicesTest" file="/Users/dominikpalatynski/Public/device-measurement-tracker/yii-app/tests/unit/models/DevicesTest.php" tests="1" assertions="1" errors="0" failures="0" skipped="0" time="0.000315">
        <testcase name="testCanBeInstantiated" file="/Users/dominikpalatynski/Public/device-measurement-tracker/yii-app/tests/unit/models/DevicesTest.php" line="12" class="tests\unit\models\DevicesTest" classname="tests.unit.models.DevicesTest" assertions="1" time="0.000315"/>
      </testsuite>
      <testsuite name="tests\unit\models\UserTest" file="/Users/dominikpalatynski/Public/device-measurement-tracker/yii-app/tests/unit/models/UserTest.php" tests="1" assertions="1" errors="0" failures="0" skipped="0" time="0.000400">
        <testcase name="testCanBeInstantiated" file="/Users/dominikpalatynski/Public/device-measurement-tracker/yii-app/tests/unit/models/UserTest.php" line="12" class="tests\unit\models\UserTest" classname="tests.unit.models.UserTest" assertions="1" time="0.000400"/>
      </testsuite>
      <testsuite name="tests\unit\services\MongoDBServiceTest" file="/Users/dominikpalatynski/Public/device-measurement-tracker/yii-app/tests/unit/services/MongoDBServiceTest.php" tests="16" assertions="52" errors="0" failures="0" skipped="0" time="0.024751">
        <testcase name="testCanBeInstantiated" file="/Users/dominikpalatynski/Public/device-measurement-tracker/yii-app/tests/unit/services/MongoDBServiceTest.php" line="37" class="tests\unit\services\MongoDBServiceTest" classname="tests.unit.services.MongoDBServiceTest" assertions="1" time="0.005633"/>
        <testcase name="testSaveMeasurementDataWithMockedService" file="/Users/dominikpalatynski/Public/device-measurement-tracker/yii-app/tests/unit/services/MongoDBServiceTest.php" line="42" class="tests\unit\services\MongoDBServiceTest" classname="tests.unit.services.MongoDBServiceTest" assertions="4" time="0.001267"/>
        <testcase name="testSaveMeasurementDataFailureWithMockedService" file="/Users/dominikpalatynski/Public/device-measurement-tracker/yii-app/tests/unit/services/MongoDBServiceTest.php" line="69" class="tests\unit\services\MongoDBServiceTest" classname="tests.unit.services.MongoDBServiceTest" assertions="2" time="0.001019"/>
        <testcase name="testGetMeasurementsWithMockedService" file="/Users/dominikpalatynski/Public/device-measurement-tracker/yii-app/tests/unit/services/MongoDBServiceTest.php" line="87" class="tests\unit\services\MongoDBServiceTest" classname="tests.unit.services.MongoDBServiceTest" assertions="4" time="0.001168"/>
        <testcase name="testDependencyInjectionWorks" file="/Users/dominikpalatynski/Public/device-measurement-tracker/yii-app/tests/unit/services/MongoDBServiceTest.php" line="117" class="tests\unit\services\MongoDBServiceTest" classname="tests.unit.services.MongoDBServiceTest" assertions="3" time="0.000882"/>
        <testcase name="testSaveMeasurementDataWithInvalidData" file="/Users/dominikpalatynski/Public/device-measurement-tracker/yii-app/tests/unit/services/MongoDBServiceTest.php" line="128" class="tests\unit\services\MongoDBServiceTest" classname="tests.unit.services.MongoDBServiceTest" assertions="4" time="0.001004"/>
        <testcase name="testGetMeasurementsWithEmptyFilters" file="/Users/dominikpalatynski/Public/device-measurement-tracker/yii-app/tests/unit/services/MongoDBServiceTest.php" line="144" class="tests\unit\services\MongoDBServiceTest" classname="tests.unit.services.MongoDBServiceTest" assertions="4" time="0.001144"/>
        <testcase name="testGetMeasurementsWithComplexFilters" file="/Users/dominikpalatynski/Public/device-measurement-tracker/yii-app/tests/unit/services/MongoDBServiceTest.php" line="161" class="tests\unit\services\MongoDBServiceTest" classname="tests.unit.services.MongoDBServiceTest" assertions="5" time="0.001071"/>
        <testcase name="testTestConnectionWithMockedFailure" file="/Users/dominikpalatynski/Public/device-measurement-tracker/yii-app/tests/unit/services/MongoDBServiceTest.php" line="198" class="tests\unit\services\MongoDBServiceTest" classname="tests.unit.services.MongoDBServiceTest" assertions="3" time="0.001007"/>
        <testcase name="testCloseConnection" file="/Users/dominikpalatynski/Public/device-measurement-tracker/yii-app/tests/unit/services/MongoDBServiceTest.php" line="213" class="tests\unit\services\MongoDBServiceTest" classname="tests.unit.services.MongoDBServiceTest" assertions="2" time="0.000972"/>
        <testcase name="testServiceMethodsExist" file="/Users/dominikpalatynski/Public/device-measurement-tracker/yii-app/tests/unit/services/MongoDBServiceTest.php" line="228" class="tests\unit\services\MongoDBServiceTest" classname="tests.unit.services.MongoDBServiceTest" assertions="4" time="0.000868"/>
        <testcase name="testSaveMeasurementDataWithComplexPayload" file="/Users/dominikpalatynski/Public/device-measurement-tracker/yii-app/tests/unit/services/MongoDBServiceTest.php" line="243" class="tests\unit\services\MongoDBServiceTest" classname="tests.unit.services.MongoDBServiceTest" assertions="4" time="0.001012"/>
        <testcase name="testGetMeasurementsWithLimitAndSort" file="/Users/dominikpalatynski/Public/device-measurement-tracker/yii-app/tests/unit/services/MongoDBServiceTest.php" line="278" class="tests\unit\services\MongoDBServiceTest" classname="tests.unit.services.MongoDBServiceTest" assertions="5" time="0.000991"/>
        <testcase name="testClientDependencyInjectionVerification" file="/Users/dominikpalatynski/Public/device-measurement-tracker/yii-app/tests/unit/services/MongoDBServiceTest.php" line="322" class="tests\unit\services\MongoDBServiceTest" classname="tests.unit.services.MongoDBServiceTest" assertions="1" time="0.000872"/>
        <testcase name="testMockClientBehaviorConfiguration" file="/Users/dominikpalatynski/Public/device-measurement-tracker/yii-app/tests/unit/services/MongoDBServiceTest.php" line="341" class="tests\unit\services\MongoDBServiceTest" classname="tests.unit.services.MongoDBServiceTest" assertions="2" time="0.000880"/>
        <testcase name="testServiceWithNullClient" file="/Users/dominikpalatynski/Public/device-measurement-tracker/yii-app/tests/unit/services/MongoDBServiceTest.php" line="309" class="tests\unit\services\MongoDBServiceTest" classname="tests.unit.services.MongoDBServiceTest" assertions="4" time="0.004961"/>
      </testsuite>
    </testsuite>
  </testsuite>
</testsuites>
