<?xml version="1.0" encoding="UTF-8"?>
<testsuites>
  <testsuite name="/Users/dominikpalatynski/Public/device-measurement-tracker/yii-app/phpunit.xml" tests="163" assertions="415" errors="10" failures="0" skipped="0" time="0.323304">
    <testsuite name="Unit Tests" tests="163" assertions="415" errors="10" failures="0" skipped="0" time="0.323304">
      <testsuite name="tests\unit\commands\MqttControllerSimpleTest" file="/Users/dominikpalatynski/Public/device-measurement-tracker/yii-app/tests/unit/commands/MqttControllerSimpleTest.php" tests="24" assertions="63" errors="0" failures="0" skipped="0" time="0.135246">
        <testcase name="testProcessRealTimeDataMessageCallsMeasurementService" file="/Users/dominikpalatynski/Public/device-measurement-tracker/yii-app/tests/unit/commands/MqttControllerSimpleTest.php" line="151" class="tests\unit\commands\MqttControllerSimpleTest" classname="tests.unit.commands.MqttControllerSimpleTest" assertions="4" time="0.042154"/>
        <testcase name="testControllerIdIsCorrect" file="/Users/dominikpalatynski/Public/device-measurement-tracker/yii-app/tests/unit/commands/MqttControllerSimpleTest.php" line="196" class="tests\unit\commands\MqttControllerSimpleTest" classname="tests.unit.commands.MqttControllerSimpleTest" assertions="1" time="0.006869"/>
        <testcase name="testProcessRealTimeDataMessageWithVariousPayloads" file="/Users/dominikpalatynski/Public/device-measurement-tracker/yii-app/tests/unit/commands/MqttControllerSimpleTest.php" line="223" class="tests\unit\commands\MqttControllerSimpleTest" classname="tests.unit.commands.MqttControllerSimpleTest" assertions="2" time="0.005657"/>
        <testcase name="testControllerInheritance" file="/Users/dominikpalatynski/Public/device-measurement-tracker/yii-app/tests/unit/commands/MqttControllerSimpleTest.php" line="248" class="tests\unit\commands\MqttControllerSimpleTest" classname="tests.unit.commands.MqttControllerSimpleTest" assertions="1" time="0.004841"/>
        <testcase name="testMqttComponentConnectionFailure" file="/Users/dominikpalatynski/Public/device-measurement-tracker/yii-app/tests/unit/commands/MqttControllerSimpleTest.php" line="318" class="tests\unit\commands\MqttControllerSimpleTest" classname="tests.unit.commands.MqttControllerSimpleTest" assertions="2" time="0.004490"/>
        <testcase name="testControllerMethodsExist" file="/Users/dominikpalatynski/Public/device-measurement-tracker/yii-app/tests/unit/commands/MqttControllerSimpleTest.php" line="329" class="tests\unit\commands\MqttControllerSimpleTest" classname="tests.unit.commands.MqttControllerSimpleTest" assertions="2" time="0.002547"/>
        <testcase name="testServiceDependencyTypes" file="/Users/dominikpalatynski/Public/device-measurement-tracker/yii-app/tests/unit/commands/MqttControllerSimpleTest.php" line="374" class="tests\unit\commands\MqttControllerSimpleTest" classname="tests.unit.commands.MqttControllerSimpleTest" assertions="1" time="0.002783"/>
        <testcase name="testDependencyInjectionWorks" file="/Users/dominikpalatynski/Public/device-measurement-tracker/yii-app/tests/unit/commands/MqttControllerSimpleTest.php" line="74" class="tests\unit\commands\MqttControllerSimpleTest" classname="tests.unit.commands.MqttControllerSimpleTest" assertions="1" time="0.003218"/>
        <testcase name="testActionSubscribeCallsMqttComponent" file="/Users/dominikpalatynski/Public/device-measurement-tracker/yii-app/tests/unit/commands/MqttControllerSimpleTest.php" line="86" class="tests\unit\commands\MqttControllerSimpleTest" classname="tests.unit.commands.MqttControllerSimpleTest" assertions="5" time="0.005636"/>
        <testcase name="testProcessRealTimeDataMessageHandlesServiceException" file="/Users/dominikpalatynski/Public/device-measurement-tracker/yii-app/tests/unit/commands/MqttControllerSimpleTest.php" line="173" class="tests\unit\commands\MqttControllerSimpleTest" classname="tests.unit.commands.MqttControllerSimpleTest" assertions="4" time="0.003595"/>
        <testcase name="testActionSubscribeWithMultipleTopics" file="/Users/dominikpalatynski/Public/device-measurement-tracker/yii-app/tests/unit/commands/MqttControllerSimpleTest.php" line="201" class="tests\unit\commands\MqttControllerSimpleTest" classname="tests.unit.commands.MqttControllerSimpleTest" assertions="4" time="0.003652"/>
        <testcase name="testServicesAreProperlyInjected" file="/Users/dominikpalatynski/Public/device-measurement-tracker/yii-app/tests/unit/commands/MqttControllerSimpleTest.php" line="253" class="tests\unit\commands\MqttControllerSimpleTest" classname="tests.unit.commands.MqttControllerSimpleTest" assertions="1" time="0.003669"/>
        <testcase name="testActionSubscribeWithEmptyTopic" file="/Users/dominikpalatynski/Public/device-measurement-tracker/yii-app/tests/unit/commands/MqttControllerSimpleTest.php" line="264" class="tests\unit\commands\MqttControllerSimpleTest" classname="tests.unit.commands.MqttControllerSimpleTest" assertions="3" time="0.002679"/>
        <testcase name="testActionSubscribeWithNullTopic" file="/Users/dominikpalatynski/Public/device-measurement-tracker/yii-app/tests/unit/commands/MqttControllerSimpleTest.php" line="281" class="tests\unit\commands\MqttControllerSimpleTest" classname="tests.unit.commands.MqttControllerSimpleTest" assertions="3" time="0.002506"/>
        <testcase name="testProcessRealTimeDataMessageWithLargePayload" file="/Users/dominikpalatynski/Public/device-measurement-tracker/yii-app/tests/unit/commands/MqttControllerSimpleTest.php" line="298" class="tests\unit\commands\MqttControllerSimpleTest" classname="tests.unit.commands.MqttControllerSimpleTest" assertions="4" time="0.002575"/>
        <testcase name="testExitCodeConstants" file="/Users/dominikpalatynski/Public/device-measurement-tracker/yii-app/tests/unit/commands/MqttControllerSimpleTest.php" line="346" class="tests\unit\commands\MqttControllerSimpleTest" classname="tests.unit.commands.MqttControllerSimpleTest" assertions="4" time="0.002422"/>
        <testcase name="testActionSubscribeWithCustomTopicCallsMqttComponent" file="/Users/dominikpalatynski/Public/device-measurement-tracker/yii-app/tests/unit/commands/MqttControllerSimpleTest.php" line="111" class="tests\unit\commands\MqttControllerSimpleTest" classname="tests.unit.commands.MqttControllerSimpleTest" assertions="5" time="0.002792"/>
        <testcase name="testProcessRealTimeDataMessageWithMalformedJson" file="/Users/dominikpalatynski/Public/device-measurement-tracker/yii-app/tests/unit/commands/MqttControllerSimpleTest.php" line="356" class="tests\unit\commands\MqttControllerSimpleTest" classname="tests.unit.commands.MqttControllerSimpleTest" assertions="4" time="0.003205"/>
        <testcase name="testConstructorInitializesServices" file="/Users/dominikpalatynski/Public/device-measurement-tracker/yii-app/tests/unit/commands/MqttControllerSimpleTest.php" line="59" class="tests\unit\commands\MqttControllerSimpleTest" classname="tests.unit.commands.MqttControllerSimpleTest" assertions="1" time="0.005157"/>
        <testcase name="testActionSubscribeHandlesException" file="/Users/dominikpalatynski/Public/device-measurement-tracker/yii-app/tests/unit/commands/MqttControllerSimpleTest.php" line="137" class="tests\unit\commands\MqttControllerSimpleTest" classname="tests.unit.commands.MqttControllerSimpleTest" assertions="2" time="0.003034"/>
        <testcase name="testControllerWithDifferentModule" file="/Users/dominikpalatynski/Public/device-measurement-tracker/yii-app/tests/unit/commands/MqttControllerSimpleTest.php" line="385" class="tests\unit\commands\MqttControllerSimpleTest" classname="tests.unit.commands.MqttControllerSimpleTest" assertions="2" time="0.005132"/>
        <testcase name="testControllerCanBeInstantiated" file="/Users/dominikpalatynski/Public/device-measurement-tracker/yii-app/tests/unit/commands/MqttControllerSimpleTest.php" line="54" class="tests\unit\commands\MqttControllerSimpleTest" classname="tests.unit.commands.MqttControllerSimpleTest" assertions="1" time="0.003062"/>
        <testcase name="testActionSubscribeCallbackLogic" file="/Users/dominikpalatynski/Public/device-measurement-tracker/yii-app/tests/unit/commands/MqttControllerSimpleTest.php" line="393" class="tests\unit\commands\MqttControllerSimpleTest" classname="tests.unit.commands.MqttControllerSimpleTest" assertions="1" time="0.006068"/>
        <testcase name="testProcessRealTimeDataMessageIsCovered" file="/Users/dominikpalatynski/Public/device-measurement-tracker/yii-app/tests/unit/commands/MqttControllerSimpleTest.php" line="427" class="tests\unit\commands\MqttControllerSimpleTest" classname="tests.unit.commands.MqttControllerSimpleTest" assertions="5" time="0.007505"/>
      </testsuite>
      <testsuite name="tests\unit\filters\JwtAuthFilterTest" file="/Users/dominikpalatynski/Public/device-measurement-tracker/yii-app/tests/unit/filters/JwtAuthFilterTest.php" tests="5" assertions="7" errors="0" failures="0" skipped="0" time="0.005772">
        <testcase name="testValidTokenSetsUser" file="/Users/dominikpalatynski/Public/device-measurement-tracker/yii-app/tests/unit/filters/JwtAuthFilterTest.php" line="77" class="tests\unit\filters\JwtAuthFilterTest" classname="tests.unit.filters.JwtAuthFilterTest" assertions="3" time="0.002908"/>
        <testcase name="testInvalidTokenThrowsUnauthorized" file="/Users/dominikpalatynski/Public/device-measurement-tracker/yii-app/tests/unit/filters/JwtAuthFilterTest.php" line="65" class="tests\unit\filters\JwtAuthFilterTest" classname="tests.unit.filters.JwtAuthFilterTest" assertions="1" time="0.001509"/>
        <testcase name="testRoleCheckThrowsForbidden" file="/Users/dominikpalatynski/Public/device-measurement-tracker/yii-app/tests/unit/filters/JwtAuthFilterTest.php" line="95" class="tests\unit\filters\JwtAuthFilterTest" classname="tests.unit.filters.JwtAuthFilterTest" assertions="1" time="0.000565"/>
        <testcase name="testExceptedActionSkipsAuth" file="/Users/dominikpalatynski/Public/device-measurement-tracker/yii-app/tests/unit/filters/JwtAuthFilterTest.php" line="47" class="tests\unit\filters\JwtAuthFilterTest" classname="tests.unit.filters.JwtAuthFilterTest" assertions="1" time="0.000264"/>
        <testcase name="testMissingTokenThrowsUnauthorized" file="/Users/dominikpalatynski/Public/device-measurement-tracker/yii-app/tests/unit/filters/JwtAuthFilterTest.php" line="55" class="tests\unit\filters\JwtAuthFilterTest" classname="tests.unit.filters.JwtAuthFilterTest" assertions="1" time="0.000526"/>
      </testsuite>
      <testsuite name="tests\unit\modules\api\controllers\AuthControllerTest" file="/Users/dominikpalatynski/Public/device-measurement-tracker/yii-app/tests/unit/modules/api/controllers/AuthControllerTest.php" tests="14" assertions="41" errors="0" failures="0" skipped="0" time="0.011878">
        <testcase name="testActionMeRequiresAuthentication" file="/Users/dominikpalatynski/Public/device-measurement-tracker/yii-app/tests/unit/modules/api/controllers/AuthControllerTest.php" line="57" class="tests\unit\modules\api\controllers\AuthControllerTest" classname="tests.unit.modules.api.controllers.AuthControllerTest" assertions="1" time="0.001769"/>
        <testcase name="testActionLogoutWithoutUser" file="/Users/dominikpalatynski/Public/device-measurement-tracker/yii-app/tests/unit/modules/api/controllers/AuthControllerTest.php" line="64" class="tests\unit\modules\api\controllers\AuthControllerTest" classname="tests.unit.modules.api.controllers.AuthControllerTest" assertions="3" time="0.000266"/>
        <testcase name="testCorsOriginsConfiguration" file="/Users/dominikpalatynski/Public/device-measurement-tracker/yii-app/tests/unit/modules/api/controllers/AuthControllerTest.php" line="95" class="tests\unit\modules\api\controllers\AuthControllerTest" classname="tests.unit.modules.api.controllers.AuthControllerTest" assertions="6" time="0.001546"/>
        <testcase name="testCorsMethodsConfiguration" file="/Users/dominikpalatynski/Public/device-measurement-tracker/yii-app/tests/unit/modules/api/controllers/AuthControllerTest.php" line="113" class="tests\unit\modules\api\controllers\AuthControllerTest" classname="tests.unit.modules.api.controllers.AuthControllerTest" assertions="6" time="0.000256"/>
        <testcase name="testActionLoginOnlyUsername" file="/Users/dominikpalatynski/Public/device-measurement-tracker/yii-app/tests/unit/modules/api/controllers/AuthControllerTest.php" line="149" class="tests\unit\modules\api\controllers\AuthControllerTest" classname="tests.unit.modules.api.controllers.AuthControllerTest" assertions="2" time="0.000937"/>
        <testcase name="testActionLoginOnlyPassword" file="/Users/dominikpalatynski/Public/device-measurement-tracker/yii-app/tests/unit/modules/api/controllers/AuthControllerTest.php" line="160" class="tests\unit\modules\api\controllers\AuthControllerTest" classname="tests.unit.modules.api.controllers.AuthControllerTest" assertions="2" time="0.000244"/>
        <testcase name="testActionChangePasswordNotImplemented" file="/Users/dominikpalatynski/Public/device-measurement-tracker/yii-app/tests/unit/modules/api/controllers/AuthControllerTest.php" line="171" class="tests\unit\modules\api\controllers\AuthControllerTest" classname="tests.unit.modules.api.controllers.AuthControllerTest" assertions="1" time="0.000202"/>
        <testcase name="testControllerInheritance" file="/Users/dominikpalatynski/Public/device-measurement-tracker/yii-app/tests/unit/modules/api/controllers/AuthControllerTest.php" line="177" class="tests\unit\modules\api\controllers\AuthControllerTest" classname="tests.unit.modules.api.controllers.AuthControllerTest" assertions="1" time="0.000198"/>
        <testcase name="testControllerModuleContext" file="/Users/dominikpalatynski/Public/device-measurement-tracker/yii-app/tests/unit/modules/api/controllers/AuthControllerTest.php" line="183" class="tests\unit\modules\api\controllers\AuthControllerTest" classname="tests.unit.modules.api.controllers.AuthControllerTest" assertions="2" time="0.000203"/>
        <testcase name="testActionTest" file="/Users/dominikpalatynski/Public/device-measurement-tracker/yii-app/tests/unit/modules/api/controllers/AuthControllerTest.php" line="35" class="tests\unit\modules\api\controllers\AuthControllerTest" classname="tests.unit.modules.api.controllers.AuthControllerTest" assertions="4" time="0.000327"/>
        <testcase name="testActionLoginMissingCredentials" file="/Users/dominikpalatynski/Public/device-measurement-tracker/yii-app/tests/unit/modules/api/controllers/AuthControllerTest.php" line="45" class="tests\unit\modules\api\controllers\AuthControllerTest" classname="tests.unit.modules.api.controllers.AuthControllerTest" assertions="2" time="0.000242"/>
        <testcase name="testBehaviorsConfiguration" file="/Users/dominikpalatynski/Public/device-measurement-tracker/yii-app/tests/unit/modules/api/controllers/AuthControllerTest.php" line="74" class="tests\unit\modules\api\controllers\AuthControllerTest" classname="tests.unit.modules.api.controllers.AuthControllerTest" assertions="8" time="0.000236"/>
        <testcase name="testActionLoginInvalidJson" file="/Users/dominikpalatynski/Public/device-measurement-tracker/yii-app/tests/unit/modules/api/controllers/AuthControllerTest.php" line="128" class="tests\unit\modules\api\controllers\AuthControllerTest" classname="tests.unit.modules.api.controllers.AuthControllerTest" assertions="1" time="0.000566"/>
        <testcase name="testActionLoginEmptyCredentials" file="/Users/dominikpalatynski/Public/device-measurement-tracker/yii-app/tests/unit/modules/api/controllers/AuthControllerTest.php" line="137" class="tests\unit\modules\api\controllers\AuthControllerTest" classname="tests.unit.modules.api.controllers.AuthControllerTest" assertions="2" time="0.004886"/>
      </testsuite>
      <testsuite name="tests\unit\modules\api\controllers\ConditionsControllerTest" file="/Users/dominikpalatynski/Public/device-measurement-tracker/yii-app/tests/unit/modules/api/controllers/ConditionsControllerTest.php" tests="25" assertions="25" errors="10" failures="0" skipped="0" time="0.022255">
        <testcase name="testActionListAdminSeesAll" file="/Users/dominikpalatynski/Public/device-measurement-tracker/yii-app/tests/unit/modules/api/controllers/ConditionsControllerTest.php" line="88" class="tests\unit\modules\api\controllers\ConditionsControllerTest" classname="tests.unit.modules.api.controllers.ConditionsControllerTest" assertions="0" time="0.010797">
          <error type="yii\base\InvalidConfigException">tests\unit\modules\api\controllers\ConditionsControllerTest::testActionListAdminSeesAll
yii\base\InvalidConfigException: The table does not exist: {{%conditions}}

/Users/dominikpalatynski/Public/device-measurement-tracker/yii-app/vendor/yiisoft/yii2/db/ActiveRecord.php:448
/Users/dominikpalatynski/Public/device-measurement-tracker/yii-app/vendor/yiisoft/yii2/db/ActiveRecord.php:479
/Users/dominikpalatynski/Public/device-measurement-tracker/yii-app/vendor/yiisoft/yii2/db/BaseActiveRecord.php:498
/Users/dominikpalatynski/Public/device-measurement-tracker/yii-app/vendor/yiisoft/yii2/db/BaseActiveRecord.php:313
/Users/dominikpalatynski/Public/device-measurement-tracker/yii-app/tests/unit/modules/api/controllers/ConditionsControllerTest.php:93</error>
        </testcase>
        <testcase name="testActionCreateSuccess" file="/Users/dominikpalatynski/Public/device-measurement-tracker/yii-app/tests/unit/modules/api/controllers/ConditionsControllerTest.php" line="161" class="tests\unit\modules\api\controllers\ConditionsControllerTest" classname="tests.unit.modules.api.controllers.ConditionsControllerTest" assertions="0" time="0.000559">
          <error type="yii\base\InvalidConfigException">tests\unit\modules\api\controllers\ConditionsControllerTest::testActionCreateSuccess
yii\base\InvalidConfigException: The table does not exist: {{%conditions}}

/Users/dominikpalatynski/Public/device-measurement-tracker/yii-app/vendor/yiisoft/yii2/db/ActiveRecord.php:448
/Users/dominikpalatynski/Public/device-measurement-tracker/yii-app/vendor/yiisoft/yii2/db/ActiveRecord.php:479
/Users/dominikpalatynski/Public/device-measurement-tracker/yii-app/vendor/yiisoft/yii2/db/BaseActiveRecord.php:498
/Users/dominikpalatynski/Public/device-measurement-tracker/yii-app/vendor/yiisoft/yii2/db/BaseActiveRecord.php:313
/Users/dominikpalatynski/Public/device-measurement-tracker/yii-app/tests/unit/modules/api/controllers/ConditionsControllerTest.php:173</error>
        </testcase>
        <testcase name="testActionCreateFailure" file="/Users/dominikpalatynski/Public/device-measurement-tracker/yii-app/tests/unit/modules/api/controllers/ConditionsControllerTest.php" line="185" class="tests\unit\modules\api\controllers\ConditionsControllerTest" classname="tests.unit.modules.api.controllers.ConditionsControllerTest" assertions="0" time="0.000533">
          <error type="yii\base\InvalidConfigException">tests\unit\modules\api\controllers\ConditionsControllerTest::testActionCreateFailure
yii\base\InvalidConfigException: The table does not exist: {{%conditions}}

/Users/dominikpalatynski/Public/device-measurement-tracker/yii-app/vendor/yiisoft/yii2/db/ActiveRecord.php:448
/Users/dominikpalatynski/Public/device-measurement-tracker/yii-app/vendor/yiisoft/yii2/db/ActiveRecord.php:479
/Users/dominikpalatynski/Public/device-measurement-tracker/yii-app/vendor/yiisoft/yii2/db/BaseActiveRecord.php:498
/Users/dominikpalatynski/Public/device-measurement-tracker/yii-app/vendor/yiisoft/yii2/db/BaseActiveRecord.php:313
/Users/dominikpalatynski/Public/device-measurement-tracker/yii-app/tests/unit/modules/api/controllers/ConditionsControllerTest.php:197</error>
        </testcase>
        <testcase name="testActionUpdateSuccess" file="/Users/dominikpalatynski/Public/device-measurement-tracker/yii-app/tests/unit/modules/api/controllers/ConditionsControllerTest.php" line="230" class="tests\unit\modules\api\controllers\ConditionsControllerTest" classname="tests.unit.modules.api.controllers.ConditionsControllerTest" assertions="0" time="0.000515">
          <error type="yii\base\InvalidConfigException">tests\unit\modules\api\controllers\ConditionsControllerTest::testActionUpdateSuccess
yii\base\InvalidConfigException: The table does not exist: {{%conditions}}

/Users/dominikpalatynski/Public/device-measurement-tracker/yii-app/vendor/yiisoft/yii2/db/ActiveRecord.php:448
/Users/dominikpalatynski/Public/device-measurement-tracker/yii-app/vendor/yiisoft/yii2/db/ActiveRecord.php:479
/Users/dominikpalatynski/Public/device-measurement-tracker/yii-app/vendor/yiisoft/yii2/db/BaseActiveRecord.php:498
/Users/dominikpalatynski/Public/device-measurement-tracker/yii-app/vendor/yiisoft/yii2/db/BaseActiveRecord.php:313
/Users/dominikpalatynski/Public/device-measurement-tracker/yii-app/tests/unit/modules/api/controllers/ConditionsControllerTest.php:234</error>
        </testcase>
        <testcase name="testActionUpdateFailure" file="/Users/dominikpalatynski/Public/device-measurement-tracker/yii-app/tests/unit/modules/api/controllers/ConditionsControllerTest.php" line="253" class="tests\unit\modules\api\controllers\ConditionsControllerTest" classname="tests.unit.modules.api.controllers.ConditionsControllerTest" assertions="0" time="0.000508">
          <error type="yii\base\InvalidConfigException">tests\unit\modules\api\controllers\ConditionsControllerTest::testActionUpdateFailure
yii\base\InvalidConfigException: The table does not exist: {{%conditions}}

/Users/dominikpalatynski/Public/device-measurement-tracker/yii-app/vendor/yiisoft/yii2/db/ActiveRecord.php:448
/Users/dominikpalatynski/Public/device-measurement-tracker/yii-app/vendor/yiisoft/yii2/db/ActiveRecord.php:479
/Users/dominikpalatynski/Public/device-measurement-tracker/yii-app/vendor/yiisoft/yii2/db/BaseActiveRecord.php:498
/Users/dominikpalatynski/Public/device-measurement-tracker/yii-app/vendor/yiisoft/yii2/db/BaseActiveRecord.php:313
/Users/dominikpalatynski/Public/device-measurement-tracker/yii-app/tests/unit/modules/api/controllers/ConditionsControllerTest.php:257</error>
        </testcase>
        <testcase name="testActionDeleteSuccess" file="/Users/dominikpalatynski/Public/device-measurement-tracker/yii-app/tests/unit/modules/api/controllers/ConditionsControllerTest.php" line="267" class="tests\unit\modules\api\controllers\ConditionsControllerTest" classname="tests.unit.modules.api.controllers.ConditionsControllerTest" assertions="0" time="0.000670">
          <error type="yii\web\ServerErrorHttpException">tests\unit\modules\api\controllers\ConditionsControllerTest::testActionDeleteSuccess
yii\web\ServerErrorHttpException: Failed to delete condition: The table does not exist: {{%conditions}}

/Users/dominikpalatynski/Public/device-measurement-tracker/yii-app/modules/api/controllers/ConditionsController.php:274
/Users/dominikpalatynski/Public/device-measurement-tracker/yii-app/tests/unit/modules/api/controllers/ConditionsControllerTest.php:275</error>
        </testcase>
        <testcase name="testActionDeleteFailure" file="/Users/dominikpalatynski/Public/device-measurement-tracker/yii-app/tests/unit/modules/api/controllers/ConditionsControllerTest.php" line="288" class="tests\unit\modules\api\controllers\ConditionsControllerTest" classname="tests.unit.modules.api.controllers.ConditionsControllerTest" assertions="1" time="0.000403"/>
        <testcase name="testActionStartSuccess" file="/Users/dominikpalatynski/Public/device-measurement-tracker/yii-app/tests/unit/modules/api/controllers/ConditionsControllerTest.php" line="300" class="tests\unit\modules\api\controllers\ConditionsControllerTest" classname="tests.unit.modules.api.controllers.ConditionsControllerTest" assertions="0" time="0.000777">
          <error type="yii\base\InvalidConfigException">tests\unit\modules\api\controllers\ConditionsControllerTest::testActionStartSuccess
yii\base\InvalidConfigException: The table does not exist: {{%conditions}}

/Users/dominikpalatynski/Public/device-measurement-tracker/yii-app/vendor/yiisoft/yii2/db/ActiveRecord.php:448
/Users/dominikpalatynski/Public/device-measurement-tracker/yii-app/vendor/yiisoft/yii2/db/ActiveRecord.php:479
/Users/dominikpalatynski/Public/device-measurement-tracker/yii-app/vendor/yiisoft/yii2/db/BaseActiveRecord.php:498
/Users/dominikpalatynski/Public/device-measurement-tracker/yii-app/vendor/yiisoft/yii2/db/BaseActiveRecord.php:313
/Users/dominikpalatynski/Public/device-measurement-tracker/yii-app/tests/unit/modules/api/controllers/ConditionsControllerTest.php:304</error>
        </testcase>
        <testcase name="testActionStartFailure" file="/Users/dominikpalatynski/Public/device-measurement-tracker/yii-app/tests/unit/modules/api/controllers/ConditionsControllerTest.php" line="322" class="tests\unit\modules\api\controllers\ConditionsControllerTest" classname="tests.unit.modules.api.controllers.ConditionsControllerTest" assertions="1" time="0.000449"/>
        <testcase name="testActionStopFailure" file="/Users/dominikpalatynski/Public/device-measurement-tracker/yii-app/tests/unit/modules/api/controllers/ConditionsControllerTest.php" line="356" class="tests\unit\modules\api\controllers\ConditionsControllerTest" classname="tests.unit.modules.api.controllers.ConditionsControllerTest" assertions="1" time="0.000429"/>
        <testcase name="testActionDataSuccess" file="/Users/dominikpalatynski/Public/device-measurement-tracker/yii-app/tests/unit/modules/api/controllers/ConditionsControllerTest.php" line="368" class="tests\unit\modules\api\controllers\ConditionsControllerTest" classname="tests.unit.modules.api.controllers.ConditionsControllerTest" assertions="0" time="0.000518">
          <error type="yii\web\ServerErrorHttpException">tests\unit\modules\api\controllers\ConditionsControllerTest::testActionDataSuccess
yii\web\ServerErrorHttpException: Failed to save condition data: The table does not exist: {{%conditions}}

/Users/dominikpalatynski/Public/device-measurement-tracker/yii-app/modules/api/controllers/ConditionsController.php:376
/Users/dominikpalatynski/Public/device-measurement-tracker/yii-app/tests/unit/modules/api/controllers/ConditionsControllerTest.php:376</error>
        </testcase>
        <testcase name="testActionStopSuccess" file="/Users/dominikpalatynski/Public/device-measurement-tracker/yii-app/tests/unit/modules/api/controllers/ConditionsControllerTest.php" line="334" class="tests\unit\modules\api\controllers\ConditionsControllerTest" classname="tests.unit.modules.api.controllers.ConditionsControllerTest" assertions="0" time="0.000480">
          <error type="yii\base\InvalidConfigException">tests\unit\modules\api\controllers\ConditionsControllerTest::testActionStopSuccess
yii\base\InvalidConfigException: The table does not exist: {{%conditions}}

/Users/dominikpalatynski/Public/device-measurement-tracker/yii-app/vendor/yiisoft/yii2/db/ActiveRecord.php:448
/Users/dominikpalatynski/Public/device-measurement-tracker/yii-app/vendor/yiisoft/yii2/db/ActiveRecord.php:479
/Users/dominikpalatynski/Public/device-measurement-tracker/yii-app/vendor/yiisoft/yii2/db/BaseActiveRecord.php:498
/Users/dominikpalatynski/Public/device-measurement-tracker/yii-app/vendor/yiisoft/yii2/db/BaseActiveRecord.php:313
/Users/dominikpalatynski/Public/device-measurement-tracker/yii-app/tests/unit/modules/api/controllers/ConditionsControllerTest.php:338</error>
        </testcase>
        <testcase name="testActionViewSuccess" file="/Users/dominikpalatynski/Public/device-measurement-tracker/yii-app/tests/unit/modules/api/controllers/ConditionsControllerTest.php" line="133" class="tests\unit\modules\api\controllers\ConditionsControllerTest" classname="tests.unit.modules.api.controllers.ConditionsControllerTest" assertions="0" time="0.000481">
          <error type="yii\base\InvalidConfigException">tests\unit\modules\api\controllers\ConditionsControllerTest::testActionViewSuccess
yii\base\InvalidConfigException: The table does not exist: {{%conditions}}

/Users/dominikpalatynski/Public/device-measurement-tracker/yii-app/vendor/yiisoft/yii2/db/ActiveRecord.php:448
/Users/dominikpalatynski/Public/device-measurement-tracker/yii-app/vendor/yiisoft/yii2/db/ActiveRecord.php:479
/Users/dominikpalatynski/Public/device-measurement-tracker/yii-app/vendor/yiisoft/yii2/db/BaseActiveRecord.php:498
/Users/dominikpalatynski/Public/device-measurement-tracker/yii-app/vendor/yiisoft/yii2/db/BaseActiveRecord.php:313
/Users/dominikpalatynski/Public/device-measurement-tracker/yii-app/tests/unit/modules/api/controllers/ConditionsControllerTest.php:138</error>
        </testcase>
        <testcase name="testActionViewNotFound" file="/Users/dominikpalatynski/Public/device-measurement-tracker/yii-app/tests/unit/modules/api/controllers/ConditionsControllerTest.php" line="123" class="tests\unit\modules\api\controllers\ConditionsControllerTest" classname="tests.unit.modules.api.controllers.ConditionsControllerTest" assertions="2" time="0.000596"/>
        <testcase name="testActionCreateForbidden" file="/Users/dominikpalatynski/Public/device-measurement-tracker/yii-app/tests/unit/modules/api/controllers/ConditionsControllerTest.php" line="216" class="tests\unit\modules\api\controllers\ConditionsControllerTest" classname="tests.unit.modules.api.controllers.ConditionsControllerTest" assertions="1" time="0.000630"/>
        <testcase name="testActionTestReturnsSuccess" file="/Users/dominikpalatynski/Public/device-measurement-tracker/yii-app/tests/unit/modules/api/controllers/ConditionsControllerTest.php" line="80" class="tests\unit\modules\api\controllers\ConditionsControllerTest" classname="tests.unit.modules.api.controllers.ConditionsControllerTest" assertions="3" time="0.000349"/>
        <testcase name="testActionListNonAdminSeesOwn" file="/Users/dominikpalatynski/Public/device-measurement-tracker/yii-app/tests/unit/modules/api/controllers/ConditionsControllerTest.php" line="105" class="tests\unit\modules\api\controllers\ConditionsControllerTest" classname="tests.unit.modules.api.controllers.ConditionsControllerTest" assertions="2" time="0.000814"/>
        <testcase name="testActionViewForbidden" file="/Users/dominikpalatynski/Public/device-measurement-tracker/yii-app/tests/unit/modules/api/controllers/ConditionsControllerTest.php" line="148" class="tests\unit\modules\api\controllers\ConditionsControllerTest" classname="tests.unit.modules.api.controllers.ConditionsControllerTest" assertions="2" time="0.000369"/>
        <testcase name="testActionCreateMissingFields" file="/Users/dominikpalatynski/Public/device-measurement-tracker/yii-app/tests/unit/modules/api/controllers/ConditionsControllerTest.php" line="208" class="tests\unit\modules\api\controllers\ConditionsControllerTest" classname="tests.unit.modules.api.controllers.ConditionsControllerTest" assertions="1" time="0.000392"/>
        <testcase name="testActionUpdateNotFound" file="/Users/dominikpalatynski/Public/device-measurement-tracker/yii-app/tests/unit/modules/api/controllers/ConditionsControllerTest.php" line="245" class="tests\unit\modules\api\controllers\ConditionsControllerTest" classname="tests.unit.modules.api.controllers.ConditionsControllerTest" assertions="2" time="0.000332"/>
        <testcase name="testActionDeleteNotFound" file="/Users/dominikpalatynski/Public/device-measurement-tracker/yii-app/tests/unit/modules/api/controllers/ConditionsControllerTest.php" line="280" class="tests\unit\modules\api\controllers\ConditionsControllerTest" classname="tests.unit.modules.api.controllers.ConditionsControllerTest" assertions="2" time="0.000322"/>
        <testcase name="testActionStartNotFound" file="/Users/dominikpalatynski/Public/device-measurement-tracker/yii-app/tests/unit/modules/api/controllers/ConditionsControllerTest.php" line="314" class="tests\unit\modules\api\controllers\ConditionsControllerTest" classname="tests.unit.modules.api.controllers.ConditionsControllerTest" assertions="2" time="0.000318"/>
        <testcase name="testActionStopNotFound" file="/Users/dominikpalatynski/Public/device-measurement-tracker/yii-app/tests/unit/modules/api/controllers/ConditionsControllerTest.php" line="348" class="tests\unit\modules\api\controllers\ConditionsControllerTest" classname="tests.unit.modules.api.controllers.ConditionsControllerTest" assertions="2" time="0.000319"/>
        <testcase name="testActionDataNotFound" file="/Users/dominikpalatynski/Public/device-measurement-tracker/yii-app/tests/unit/modules/api/controllers/ConditionsControllerTest.php" line="381" class="tests\unit\modules\api\controllers\ConditionsControllerTest" classname="tests.unit.modules.api.controllers.ConditionsControllerTest" assertions="2" time="0.000314"/>
        <testcase name="testActionDataMissingMeasurements" file="/Users/dominikpalatynski/Public/device-measurement-tracker/yii-app/tests/unit/modules/api/controllers/ConditionsControllerTest.php" line="389" class="tests\unit\modules\api\controllers\ConditionsControllerTest" classname="tests.unit.modules.api.controllers.ConditionsControllerTest" assertions="1" time="0.000381"/>
      </testsuite>
      <testsuite name="tests\unit\modules\api\controllers\FaultsControllerSimpleTest" file="/Users/dominikpalatynski/Public/device-measurement-tracker/yii-app/tests/unit/modules/api/controllers/FaultsControllerSimpleTest.php" tests="19" assertions="48" errors="0" failures="0" skipped="0" time="0.005290">
        <testcase name="testActionTest" file="/Users/dominikpalatynski/Public/device-measurement-tracker/yii-app/tests/unit/modules/api/controllers/FaultsControllerSimpleTest.php" line="34" class="tests\unit\modules\api\controllers\FaultsControllerSimpleTest" classname="tests.unit.modules.api.controllers.FaultsControllerSimpleTest" assertions="4" time="0.001079"/>
        <testcase name="testControllerCanBeInstantiated" file="/Users/dominikpalatynski/Public/device-measurement-tracker/yii-app/tests/unit/modules/api/controllers/FaultsControllerSimpleTest.php" line="72" class="tests\unit\modules\api\controllers\FaultsControllerSimpleTest" classname="tests.unit.modules.api.controllers.FaultsControllerSimpleTest" assertions="1" time="0.000242"/>
        <testcase name="testControllerHasCorrectId" file="/Users/dominikpalatynski/Public/device-measurement-tracker/yii-app/tests/unit/modules/api/controllers/FaultsControllerSimpleTest.php" line="77" class="tests\unit\modules\api\controllers\FaultsControllerSimpleTest" classname="tests.unit.modules.api.controllers.FaultsControllerSimpleTest" assertions="1" time="0.000224"/>
        <testcase name="testControllerHasModule" file="/Users/dominikpalatynski/Public/device-measurement-tracker/yii-app/tests/unit/modules/api/controllers/FaultsControllerSimpleTest.php" line="82" class="tests\unit\modules\api\controllers\FaultsControllerSimpleTest" classname="tests.unit.modules.api.controllers.FaultsControllerSimpleTest" assertions="2" time="0.000219"/>
        <testcase name="testHttpVerbsConfiguration" file="/Users/dominikpalatynski/Public/device-measurement-tracker/yii-app/tests/unit/modules/api/controllers/FaultsControllerSimpleTest.php" line="88" class="tests\unit\modules\api\controllers\FaultsControllerSimpleTest" classname="tests.unit.modules.api.controllers.FaultsControllerSimpleTest" assertions="4" time="0.000266"/>
        <testcase name="testControllerInheritance" file="/Users/dominikpalatynski/Public/device-measurement-tracker/yii-app/tests/unit/modules/api/controllers/FaultsControllerSimpleTest.php" line="104" class="tests\unit\modules\api\controllers\FaultsControllerSimpleTest" classname="tests.unit.modules.api.controllers.FaultsControllerSimpleTest" assertions="1" time="0.000206"/>
        <testcase name="testActionListExists" file="/Users/dominikpalatynski/Public/device-measurement-tracker/yii-app/tests/unit/modules/api/controllers/FaultsControllerSimpleTest.php" line="110" class="tests\unit\modules\api\controllers\FaultsControllerSimpleTest" classname="tests.unit.modules.api.controllers.FaultsControllerSimpleTest" assertions="1" time="0.000200"/>
        <testcase name="testActionViewExists" file="/Users/dominikpalatynski/Public/device-measurement-tracker/yii-app/tests/unit/modules/api/controllers/FaultsControllerSimpleTest.php" line="116" class="tests\unit\modules\api\controllers\FaultsControllerSimpleTest" classname="tests.unit.modules.api.controllers.FaultsControllerSimpleTest" assertions="1" time="0.000195"/>
        <testcase name="testActionCreateExists" file="/Users/dominikpalatynski/Public/device-measurement-tracker/yii-app/tests/unit/modules/api/controllers/FaultsControllerSimpleTest.php" line="122" class="tests\unit\modules\api\controllers\FaultsControllerSimpleTest" classname="tests.unit.modules.api.controllers.FaultsControllerSimpleTest" assertions="1" time="0.000193"/>
        <testcase name="testActionUpdateExists" file="/Users/dominikpalatynski/Public/device-measurement-tracker/yii-app/tests/unit/modules/api/controllers/FaultsControllerSimpleTest.php" line="128" class="tests\unit\modules\api\controllers\FaultsControllerSimpleTest" classname="tests.unit.modules.api.controllers.FaultsControllerSimpleTest" assertions="1" time="0.000194"/>
        <testcase name="testActionDeleteExists" file="/Users/dominikpalatynski/Public/device-measurement-tracker/yii-app/tests/unit/modules/api/controllers/FaultsControllerSimpleTest.php" line="134" class="tests\unit\modules\api\controllers\FaultsControllerSimpleTest" classname="tests.unit.modules.api.controllers.FaultsControllerSimpleTest" assertions="1" time="0.000192"/>
        <testcase name="testPrivateMethodsExist" file="/Users/dominikpalatynski/Public/device-measurement-tracker/yii-app/tests/unit/modules/api/controllers/FaultsControllerSimpleTest.php" line="140" class="tests\unit\modules\api\controllers\FaultsControllerSimpleTest" classname="tests.unit.modules.api.controllers.FaultsControllerSimpleTest" assertions="2" time="0.000196"/>
        <testcase name="testPrivateMethodsArePrivate" file="/Users/dominikpalatynski/Public/device-measurement-tracker/yii-app/tests/unit/modules/api/controllers/FaultsControllerSimpleTest.php" line="147" class="tests\unit\modules\api\controllers\FaultsControllerSimpleTest" classname="tests.unit.modules.api.controllers.FaultsControllerSimpleTest" assertions="2" time="0.000197"/>
        <testcase name="testBehaviorsArrayStructure" file="/Users/dominikpalatynski/Public/device-measurement-tracker/yii-app/tests/unit/modules/api/controllers/FaultsControllerSimpleTest.php" line="158" class="tests\unit\modules\api\controllers\FaultsControllerSimpleTest" classname="tests.unit.modules.api.controllers.FaultsControllerSimpleTest" assertions="4" time="0.000250"/>
        <testcase name="testCorsOriginsContainRequiredHosts" file="/Users/dominikpalatynski/Public/device-measurement-tracker/yii-app/tests/unit/modules/api/controllers/FaultsControllerSimpleTest.php" line="169" class="tests\unit\modules\api\controllers\FaultsControllerSimpleTest" classname="tests.unit.modules.api.controllers.FaultsControllerSimpleTest" assertions="4" time="0.000255"/>
        <testcase name="testJwtAuthExcludesTestEndpoint" file="/Users/dominikpalatynski/Public/device-measurement-tracker/yii-app/tests/unit/modules/api/controllers/FaultsControllerSimpleTest.php" line="183" class="tests\unit\modules\api\controllers\FaultsControllerSimpleTest" classname="tests.unit.modules.api.controllers.FaultsControllerSimpleTest" assertions="2" time="0.000253"/>
        <testcase name="testControllerIdProperty" file="/Users/dominikpalatynski/Public/device-measurement-tracker/yii-app/tests/unit/modules/api/controllers/FaultsControllerSimpleTest.php" line="192" class="tests\unit\modules\api\controllers\FaultsControllerSimpleTest" classname="tests.unit.modules.api.controllers.FaultsControllerSimpleTest" assertions="2" time="0.000420"/>
        <testcase name="testControllerModuleProperty" file="/Users/dominikpalatynski/Public/device-measurement-tracker/yii-app/tests/unit/modules/api/controllers/FaultsControllerSimpleTest.php" line="198" class="tests\unit\modules\api\controllers\FaultsControllerSimpleTest" classname="tests.unit.modules.api.controllers.FaultsControllerSimpleTest" assertions="1" time="0.000225"/>
        <testcase name="testBehaviorsConfiguration" file="/Users/dominikpalatynski/Public/device-measurement-tracker/yii-app/tests/unit/modules/api/controllers/FaultsControllerSimpleTest.php" line="44" class="tests\unit\modules\api\controllers\FaultsControllerSimpleTest" classname="tests.unit.modules.api.controllers.FaultsControllerSimpleTest" assertions="13" time="0.000281"/>
      </testsuite>
      <testsuite name="tests\unit\modules\api\controllers\MeasurementChannelControllerTest" file="/Users/dominikpalatynski/Public/device-measurement-tracker/yii-app/tests/unit/modules/api/controllers/MeasurementChannelControllerTest.php" tests="25" assertions="73" errors="0" failures="0" skipped="0" time="0.006689">
        <testcase name="testBehaviorsConfiguration" file="/Users/dominikpalatynski/Public/device-measurement-tracker/yii-app/tests/unit/modules/api/controllers/MeasurementChannelControllerTest.php" line="45" class="tests\unit\modules\api\controllers\MeasurementChannelControllerTest" classname="tests.unit.modules.api.controllers.MeasurementChannelControllerTest" assertions="13" time="0.001007"/>
        <testcase name="testControllerCanBeInstantiated" file="/Users/dominikpalatynski/Public/device-measurement-tracker/yii-app/tests/unit/modules/api/controllers/MeasurementChannelControllerTest.php" line="73" class="tests\unit\modules\api\controllers\MeasurementChannelControllerTest" classname="tests.unit.modules.api.controllers.MeasurementChannelControllerTest" assertions="1" time="0.000257"/>
        <testcase name="testControllerHasCorrectId" file="/Users/dominikpalatynski/Public/device-measurement-tracker/yii-app/tests/unit/modules/api/controllers/MeasurementChannelControllerTest.php" line="78" class="tests\unit\modules\api\controllers\MeasurementChannelControllerTest" classname="tests.unit.modules.api.controllers.MeasurementChannelControllerTest" assertions="1" time="0.000486"/>
        <testcase name="testCorsOriginConfiguration" file="/Users/dominikpalatynski/Public/device-measurement-tracker/yii-app/tests/unit/modules/api/controllers/MeasurementChannelControllerTest.php" line="83" class="tests\unit\modules\api\controllers\MeasurementChannelControllerTest" classname="tests.unit.modules.api.controllers.MeasurementChannelControllerTest" assertions="4" time="0.000266"/>
        <testcase name="testHttpMethodsConfiguration" file="/Users/dominikpalatynski/Public/device-measurement-tracker/yii-app/tests/unit/modules/api/controllers/MeasurementChannelControllerTest.php" line="99" class="tests\unit\modules\api\controllers\MeasurementChannelControllerTest" classname="tests.unit.modules.api.controllers.MeasurementChannelControllerTest" assertions="5" time="0.000249"/>
        <testcase name="testControllerInheritance" file="/Users/dominikpalatynski/Public/device-measurement-tracker/yii-app/tests/unit/modules/api/controllers/MeasurementChannelControllerTest.php" line="113" class="tests\unit\modules\api\controllers\MeasurementChannelControllerTest" classname="tests.unit.modules.api.controllers.MeasurementChannelControllerTest" assertions="1" time="0.000198"/>
        <testcase name="testVerbsConfiguration" file="/Users/dominikpalatynski/Public/device-measurement-tracker/yii-app/tests/unit/modules/api/controllers/MeasurementChannelControllerTest.php" line="118" class="tests\unit\modules\api\controllers\MeasurementChannelControllerTest" classname="tests.unit.modules.api.controllers.MeasurementChannelControllerTest" assertions="5" time="0.000243"/>
        <testcase name="testJwtAuthenticationExceptions" file="/Users/dominikpalatynski/Public/device-measurement-tracker/yii-app/tests/unit/modules/api/controllers/MeasurementChannelControllerTest.php" line="131" class="tests\unit\modules\api\controllers\MeasurementChannelControllerTest" classname="tests.unit.modules.api.controllers.MeasurementChannelControllerTest" assertions="2" time="0.000243"/>
        <testcase name="testActionListExists" file="/Users/dominikpalatynski/Public/device-measurement-tracker/yii-app/tests/unit/modules/api/controllers/MeasurementChannelControllerTest.php" line="140" class="tests\unit\modules\api\controllers\MeasurementChannelControllerTest" classname="tests.unit.modules.api.controllers.MeasurementChannelControllerTest" assertions="1" time="0.000190"/>
        <testcase name="testActionViewExists" file="/Users/dominikpalatynski/Public/device-measurement-tracker/yii-app/tests/unit/modules/api/controllers/MeasurementChannelControllerTest.php" line="145" class="tests\unit\modules\api\controllers\MeasurementChannelControllerTest" classname="tests.unit.modules.api.controllers.MeasurementChannelControllerTest" assertions="1" time="0.000184"/>
        <testcase name="testActionCreateExists" file="/Users/dominikpalatynski/Public/device-measurement-tracker/yii-app/tests/unit/modules/api/controllers/MeasurementChannelControllerTest.php" line="150" class="tests\unit\modules\api\controllers\MeasurementChannelControllerTest" classname="tests.unit.modules.api.controllers.MeasurementChannelControllerTest" assertions="1" time="0.000186"/>
        <testcase name="testActionUpdateExists" file="/Users/dominikpalatynski/Public/device-measurement-tracker/yii-app/tests/unit/modules/api/controllers/MeasurementChannelControllerTest.php" line="155" class="tests\unit\modules\api\controllers\MeasurementChannelControllerTest" classname="tests.unit.modules.api.controllers.MeasurementChannelControllerTest" assertions="1" time="0.000183"/>
        <testcase name="testActionDeleteExists" file="/Users/dominikpalatynski/Public/device-measurement-tracker/yii-app/tests/unit/modules/api/controllers/MeasurementChannelControllerTest.php" line="160" class="tests\unit\modules\api\controllers\MeasurementChannelControllerTest" classname="tests.unit.modules.api.controllers.MeasurementChannelControllerTest" assertions="1" time="0.000183"/>
        <testcase name="testActionFindChannelExists" file="/Users/dominikpalatynski/Public/device-measurement-tracker/yii-app/tests/unit/modules/api/controllers/MeasurementChannelControllerTest.php" line="165" class="tests\unit\modules\api\controllers\MeasurementChannelControllerTest" classname="tests.unit.modules.api.controllers.MeasurementChannelControllerTest" assertions="1" time="0.000182"/>
        <testcase name="testBehaviorsKeysExist" file="/Users/dominikpalatynski/Public/device-measurement-tracker/yii-app/tests/unit/modules/api/controllers/MeasurementChannelControllerTest.php" line="170" class="tests\unit\modules\api\controllers\MeasurementChannelControllerTest" classname="tests.unit.modules.api.controllers.MeasurementChannelControllerTest" assertions="4" time="0.000231"/>
        <testcase name="testContentNegotiatorFormats" file="/Users/dominikpalatynski/Public/device-measurement-tracker/yii-app/tests/unit/modules/api/controllers/MeasurementChannelControllerTest.php" line="180" class="tests\unit\modules\api\controllers\MeasurementChannelControllerTest" classname="tests.unit.modules.api.controllers.MeasurementChannelControllerTest" assertions="3" time="0.000241"/>
        <testcase name="testCorsCredentialsEnabled" file="/Users/dominikpalatynski/Public/device-measurement-tracker/yii-app/tests/unit/modules/api/controllers/MeasurementChannelControllerTest.php" line="190" class="tests\unit\modules\api\controllers\MeasurementChannelControllerTest" classname="tests.unit.modules.api.controllers.MeasurementChannelControllerTest" assertions="1" time="0.000228"/>
        <testcase name="testCorsMaxAge" file="/Users/dominikpalatynski/Public/device-measurement-tracker/yii-app/tests/unit/modules/api/controllers/MeasurementChannelControllerTest.php" line="198" class="tests\unit\modules\api\controllers\MeasurementChannelControllerTest" classname="tests.unit.modules.api.controllers.MeasurementChannelControllerTest" assertions="1" time="0.000236"/>
        <testcase name="testCorsRequestHeaders" file="/Users/dominikpalatynski/Public/device-measurement-tracker/yii-app/tests/unit/modules/api/controllers/MeasurementChannelControllerTest.php" line="206" class="tests\unit\modules\api\controllers\MeasurementChannelControllerTest" classname="tests.unit.modules.api.controllers.MeasurementChannelControllerTest" assertions="1" time="0.000229"/>
        <testcase name="testControllerModuleIsNull" file="/Users/dominikpalatynski/Public/device-measurement-tracker/yii-app/tests/unit/modules/api/controllers/MeasurementChannelControllerTest.php" line="214" class="tests\unit\modules\api\controllers\MeasurementChannelControllerTest" classname="tests.unit.modules.api.controllers.MeasurementChannelControllerTest" assertions="1" time="0.000186"/>
        <testcase name="testControllerWithModule" file="/Users/dominikpalatynski/Public/device-measurement-tracker/yii-app/tests/unit/modules/api/controllers/MeasurementChannelControllerTest.php" line="220" class="tests\unit\modules\api\controllers\MeasurementChannelControllerTest" classname="tests.unit.modules.api.controllers.MeasurementChannelControllerTest" assertions="2" time="0.000202"/>
        <testcase name="testCorsOriginsIncludeSpecificHosts" file="/Users/dominikpalatynski/Public/device-measurement-tracker/yii-app/tests/unit/modules/api/controllers/MeasurementChannelControllerTest.php" line="230" class="tests\unit\modules\api\controllers\MeasurementChannelControllerTest" classname="tests.unit.modules.api.controllers.MeasurementChannelControllerTest" assertions="4" time="0.000301"/>
        <testcase name="testHttpMethodsAreComplete" file="/Users/dominikpalatynski/Public/device-measurement-tracker/yii-app/tests/unit/modules/api/controllers/MeasurementChannelControllerTest.php" line="248" class="tests\unit\modules\api\controllers\MeasurementChannelControllerTest" classname="tests.unit.modules.api.controllers.MeasurementChannelControllerTest" assertions="6" time="0.000281"/>
        <testcase name="testActionMethodsExist" file="/Users/dominikpalatynski/Public/device-measurement-tracker/yii-app/tests/unit/modules/api/controllers/MeasurementChannelControllerTest.php" line="261" class="tests\unit\modules\api\controllers\MeasurementChannelControllerTest" classname="tests.unit.modules.api.controllers.MeasurementChannelControllerTest" assertions="6" time="0.000236"/>
        <testcase name="testActionTest" file="/Users/dominikpalatynski/Public/device-measurement-tracker/yii-app/tests/unit/modules/api/controllers/MeasurementChannelControllerTest.php" line="33" class="tests\unit\modules\api\controllers\MeasurementChannelControllerTest" classname="tests.unit.modules.api.controllers.MeasurementChannelControllerTest" assertions="6" time="0.000260"/>
      </testsuite>
      <testsuite name="tests\unit\modules\api\controllers\MongoDBControllerTest" file="/Users/dominikpalatynski/Public/device-measurement-tracker/yii-app/tests/unit/modules/api/controllers/MongoDBControllerTest.php" tests="16" assertions="38" errors="0" failures="0" skipped="0" time="0.056209">
        <testcase name="testControllerCanBeInstantiated" file="/Users/dominikpalatynski/Public/device-measurement-tracker/yii-app/tests/unit/modules/api/controllers/MongoDBControllerTest.php" line="87" class="tests\unit\modules\api\controllers\MongoDBControllerTest" classname="tests.unit.modules.api.controllers.MongoDBControllerTest" assertions="1" time="0.009862"/>
        <testcase name="testActionTestThrowsException" file="/Users/dominikpalatynski/Public/device-measurement-tracker/yii-app/tests/unit/modules/api/controllers/MongoDBControllerTest.php" line="160" class="tests\unit\modules\api\controllers\MongoDBControllerTest" classname="tests.unit.modules.api.controllers.MongoDBControllerTest" assertions="3" time="0.002975"/>
        <testcase name="testControllerInitializationFailure" file="/Users/dominikpalatynski/Public/device-measurement-tracker/yii-app/tests/unit/modules/api/controllers/MongoDBControllerTest.php" line="183" class="tests\unit\modules\api\controllers\MongoDBControllerTest" classname="tests.unit.modules.api.controllers.MongoDBControllerTest" assertions="1" time="0.003558"/>
        <testcase name="testActionMeasurementsExists" file="/Users/dominikpalatynski/Public/device-measurement-tracker/yii-app/tests/unit/modules/api/controllers/MongoDBControllerTest.php" line="190" class="tests\unit\modules\api\controllers\MongoDBControllerTest" classname="tests.unit.modules.api.controllers.MongoDBControllerTest" assertions="1" time="0.002342"/>
        <testcase name="testActionDataSeriesListExists" file="/Users/dominikpalatynski/Public/device-measurement-tracker/yii-app/tests/unit/modules/api/controllers/MongoDBControllerTest.php" line="196" class="tests\unit\modules\api\controllers\MongoDBControllerTest" classname="tests.unit.modules.api.controllers.MongoDBControllerTest" assertions="1" time="0.002881"/>
        <testcase name="testMongoServicePropertyAccess" file="/Users/dominikpalatynski/Public/device-measurement-tracker/yii-app/tests/unit/modules/api/controllers/MongoDBControllerTest.php" line="228" class="tests\unit\modules\api\controllers\MongoDBControllerTest" classname="tests.unit.modules.api.controllers.MongoDBControllerTest" assertions="2" time="0.002890"/>
        <testcase name="testActionTest" file="/Users/dominikpalatynski/Public/device-measurement-tracker/yii-app/tests/unit/modules/api/controllers/MongoDBControllerTest.php" line="40" class="tests\unit\modules\api\controllers\MongoDBControllerTest" classname="tests.unit.modules.api.controllers.MongoDBControllerTest" assertions="6" time="0.002959"/>
        <testcase name="testActionTestConnectionFailure" file="/Users/dominikpalatynski/Public/device-measurement-tracker/yii-app/tests/unit/modules/api/controllers/MongoDBControllerTest.php" line="69" class="tests\unit\modules\api\controllers\MongoDBControllerTest" classname="tests.unit.modules.api.controllers.MongoDBControllerTest" assertions="4" time="0.003432"/>
        <testcase name="testBehaviorsConfiguration" file="/Users/dominikpalatynski/Public/device-measurement-tracker/yii-app/tests/unit/modules/api/controllers/MongoDBControllerTest.php" line="92" class="tests\unit\modules\api\controllers\MongoDBControllerTest" classname="tests.unit.modules.api.controllers.MongoDBControllerTest" assertions="4" time="0.002824"/>
        <testcase name="testDependencyInjectionWorks" file="/Users/dominikpalatynski/Public/device-measurement-tracker/yii-app/tests/unit/modules/api/controllers/MongoDBControllerTest.php" line="105" class="tests\unit\modules\api\controllers\MongoDBControllerTest" classname="tests.unit.modules.api.controllers.MongoDBControllerTest" assertions="2" time="0.002854"/>
        <testcase name="testActionTestWithMissingDatabase" file="/Users/dominikpalatynski/Public/device-measurement-tracker/yii-app/tests/unit/modules/api/controllers/MongoDBControllerTest.php" line="117" class="tests\unit\modules\api\controllers\MongoDBControllerTest" classname="tests.unit.modules.api.controllers.MongoDBControllerTest" assertions="4" time="0.002955"/>
        <testcase name="testActionTestWithEmptyCollections" file="/Users/dominikpalatynski/Public/device-measurement-tracker/yii-app/tests/unit/modules/api/controllers/MongoDBControllerTest.php" line="141" class="tests\unit\modules\api\controllers\MongoDBControllerTest" classname="tests.unit.modules.api.controllers.MongoDBControllerTest" assertions="3" time="0.002998"/>
        <testcase name="testControllerInheritance" file="/Users/dominikpalatynski/Public/device-measurement-tracker/yii-app/tests/unit/modules/api/controllers/MongoDBControllerTest.php" line="202" class="tests\unit\modules\api\controllers\MongoDBControllerTest" classname="tests.unit.modules.api.controllers.MongoDBControllerTest" assertions="1" time="0.003088"/>
        <testcase name="testBehaviorsContentTypes" file="/Users/dominikpalatynski/Public/device-measurement-tracker/yii-app/tests/unit/modules/api/controllers/MongoDBControllerTest.php" line="208" class="tests\unit\modules\api\controllers\MongoDBControllerTest" classname="tests.unit.modules.api.controllers.MongoDBControllerTest" assertions="2" time="0.003382"/>
        <testcase name="testBehaviorsCorsHeaders" file="/Users/dominikpalatynski/Public/device-measurement-tracker/yii-app/tests/unit/modules/api/controllers/MongoDBControllerTest.php" line="218" class="tests\unit\modules\api\controllers\MongoDBControllerTest" classname="tests.unit.modules.api.controllers.MongoDBControllerTest" assertions="2" time="0.002629"/>
        <testcase name="testControllerInitialization" file="/Users/dominikpalatynski/Public/device-measurement-tracker/yii-app/tests/unit/modules/api/controllers/MongoDBControllerTest.php" line="174" class="tests\unit\modules\api\controllers\MongoDBControllerTest" classname="tests.unit.modules.api.controllers.MongoDBControllerTest" assertions="1" time="0.004579"/>
      </testsuite>
      <testsuite name="tests\unit\models\ConditionTest" file="/Users/dominikpalatynski/Public/device-measurement-tracker/yii-app/tests/unit/models/ConditionTest.php" tests="1" assertions="1" errors="0" failures="0" skipped="0" time="0.000228">
        <testcase name="testCanBeInstantiated" file="/Users/dominikpalatynski/Public/device-measurement-tracker/yii-app/tests/unit/models/ConditionTest.php" line="12" class="tests\unit\models\ConditionTest" classname="tests.unit.models.ConditionTest" assertions="1" time="0.000228"/>
      </testsuite>
      <testsuite name="tests\unit\models\DevicesTest" file="/Users/dominikpalatynski/Public/device-measurement-tracker/yii-app/tests/unit/models/DevicesTest.php" tests="1" assertions="1" errors="0" failures="0" skipped="0" time="0.000200">
        <testcase name="testCanBeInstantiated" file="/Users/dominikpalatynski/Public/device-measurement-tracker/yii-app/tests/unit/models/DevicesTest.php" line="12" class="tests\unit\models\DevicesTest" classname="tests.unit.models.DevicesTest" assertions="1" time="0.000200"/>
      </testsuite>
      <testsuite name="tests\unit\models\FaultsTest" file="/Users/dominikpalatynski/Public/device-measurement-tracker/yii-app/tests/unit/models/FaultsTest.php" tests="1" assertions="1" errors="0" failures="0" skipped="0" time="0.000620">
        <testcase name="testCanBeInstantiated" file="/Users/dominikpalatynski/Public/device-measurement-tracker/yii-app/tests/unit/models/FaultsTest.php" line="12" class="tests\unit\models\FaultsTest" classname="tests.unit.models.FaultsTest" assertions="1" time="0.000620"/>
      </testsuite>
      <testsuite name="tests\unit\models\UserTest" file="/Users/dominikpalatynski/Public/device-measurement-tracker/yii-app/tests/unit/models/UserTest.php" tests="1" assertions="1" errors="0" failures="0" skipped="0" time="0.001196">
        <testcase name="testCanBeInstantiated" file="/Users/dominikpalatynski/Public/device-measurement-tracker/yii-app/tests/unit/models/UserTest.php" line="12" class="tests\unit\models\UserTest" classname="tests.unit.models.UserTest" assertions="1" time="0.001196"/>
      </testsuite>
      <testsuite name="tests\unit\services\MeasurementServiceTest" file="/Users/dominikpalatynski/Public/device-measurement-tracker/yii-app/tests/unit/services/MeasurementServiceTest.php" tests="15" assertions="64" errors="0" failures="0" skipped="0" time="0.060857">
        <testcase name="testCanBeInstantiated" file="/Users/dominikpalatynski/Public/device-measurement-tracker/yii-app/tests/unit/services/MeasurementServiceTest.php" line="19" class="tests\unit\services\MeasurementServiceTest" classname="tests.unit.services.MeasurementServiceTest" assertions="1" time="0.003192"/>
        <testcase name="testProcessRealTimeDataMqttMessageWithMocks" file="/Users/dominikpalatynski/Public/device-measurement-tracker/yii-app/tests/unit/services/MeasurementServiceTest.php" line="28" class="tests\unit\services\MeasurementServiceTest" classname="tests.unit.services.MeasurementServiceTest" assertions="11" time="0.015494">
          <system-out>[32m[MQTT] Processing real time data message: {"deviceId":"dev-123","data_series":"series-1","condition_name":"ConditionA","data":[1,2,3]}[0m
</system-out>
        </testcase>
        <testcase name="testProcessRealTimeDataMqttMessageDeviceNotFound" file="/Users/dominikpalatynski/Public/device-measurement-tracker/yii-app/tests/unit/services/MeasurementServiceTest.php" line="102" class="tests\unit\services\MeasurementServiceTest" classname="tests.unit.services.MeasurementServiceTest" assertions="3" time="0.003209">
          <system-out>[32m[MQTT] Processing real time data message: {"deviceId":"dev-404","data_series":"series-1","condition_name":"ConditionA","data":[1,2,3]}[0m
[31m[MQTT] Error: Device not found: dev-404[0m
</system-out>
        </testcase>
        <testcase name="testProcessRealTimeDataMqttMessageMongoServiceSaveFails" file="/Users/dominikpalatynski/Public/device-measurement-tracker/yii-app/tests/unit/services/MeasurementServiceTest.php" line="213" class="tests\unit\services\MeasurementServiceTest" classname="tests.unit.services.MeasurementServiceTest" assertions="8" time="0.003062">
          <system-out>[32m[MQTT] Processing real time data message: {"deviceId":"dev-123","data_series":"series-1","condition_name":"ConditionA","data":[1,2,3]}[0m
</system-out>
        </testcase>
        <testcase name="testProcessRealTimeDataInvalidJson" file="/Users/dominikpalatynski/Public/device-measurement-tracker/yii-app/tests/unit/services/MeasurementServiceTest.php" line="262" class="tests\unit\services\MeasurementServiceTest" classname="tests.unit.services.MeasurementServiceTest" assertions="1" time="0.003001">
          <system-out>[32m[MQTT] Processing real time data message: invalid json string[0m
[31m[MQTT] Error: Syntax error[0m
</system-out>
        </testcase>
        <testcase name="testProcessRealTimeDataMissingDeviceId" file="/Users/dominikpalatynski/Public/device-measurement-tracker/yii-app/tests/unit/services/MeasurementServiceTest.php" line="276" class="tests\unit\services\MeasurementServiceTest" classname="tests.unit.services.MeasurementServiceTest" assertions="1" time="0.002795">
          <system-out>[32m[MQTT] Processing real time data message: {"data_series":"series-1","condition_name":"ConditionA","data":[1,2,3]}[0m
[31m[MQTT] Error: Device not found: dev-123[0m
</system-out>
        </testcase>
        <testcase name="testProcessRealTimeDataMissingDataSeries" file="/Users/dominikpalatynski/Public/device-measurement-tracker/yii-app/tests/unit/services/MeasurementServiceTest.php" line="294" class="tests\unit\services\MeasurementServiceTest" classname="tests.unit.services.MeasurementServiceTest" assertions="1" time="0.002900">
          <system-out>[32m[MQTT] Processing real time data message: {"deviceId":"dev-123","condition_name":"ConditionA","data":[1,2,3]}[0m
[31m[MQTT] Error: Device not found: dev-123[0m
</system-out>
        </testcase>
        <testcase name="testProcessRealTimeDataEmptyData" file="/Users/dominikpalatynski/Public/device-measurement-tracker/yii-app/tests/unit/services/MeasurementServiceTest.php" line="312" class="tests\unit\services\MeasurementServiceTest" classname="tests.unit.services.MeasurementServiceTest" assertions="1" time="0.004246">
          <system-out>[32m[MQTT] Processing real time data message: {"deviceId":"dev-123","data_series":"series-1","condition_name":"ConditionA","data":[]}[0m
[31m[MQTT] Error: Device not found: dev-123[0m
</system-out>
        </testcase>
        <testcase name="testServiceConstructorWithAllNullParameters" file="/Users/dominikpalatynski/Public/device-measurement-tracker/yii-app/tests/unit/services/MeasurementServiceTest.php" line="374" class="tests\unit\services\MeasurementServiceTest" classname="tests.unit.services.MeasurementServiceTest" assertions="1" time="0.002741"/>
        <testcase name="testProcessRealTimeDataWithComplexDataStructure" file="/Users/dominikpalatynski/Public/device-measurement-tracker/yii-app/tests/unit/services/MeasurementServiceTest.php" line="380" class="tests\unit\services\MeasurementServiceTest" classname="tests.unit.services.MeasurementServiceTest" assertions="11" time="0.003203">
          <system-out>[32m[MQTT] Processing real time data message: {"deviceId":"dev-complex","data_series":"complex-series","condition_name":"ComplexCondition","data":{"timestamp":"2023-01-01T10:00:00Z","measurements":[{"channel":"A","value":1.23},{"channel":"B","value":4.56}],"metadata":{"unit":"volts","frequency":50}}}[0m
</system-out>
        </testcase>
        <testcase name="testProcessRealTimeDataWithExceptionHandling" file="/Users/dominikpalatynski/Public/device-measurement-tracker/yii-app/tests/unit/services/MeasurementServiceTest.php" line="446" class="tests\unit\services\MeasurementServiceTest" classname="tests.unit.services.MeasurementServiceTest" assertions="2" time="0.002879">
          <system-out>[32m[MQTT] Processing real time data message: {"deviceId":"dev-error","data_series":"error-series","condition_name":"ErrorCondition","data":[1,2,3]}[0m
[31m[MQTT] Error: Database error[0m
</system-out>
        </testcase>
        <testcase name="testGetMethodsExist" file="/Users/dominikpalatynski/Public/device-measurement-tracker/yii-app/tests/unit/services/MeasurementServiceTest.php" line="470" class="tests\unit\services\MeasurementServiceTest" classname="tests.unit.services.MeasurementServiceTest" assertions="2" time="0.002796"/>
        <testcase name="testProcessRealTimeDataWithNullMongoService" file="/Users/dominikpalatynski/Public/device-measurement-tracker/yii-app/tests/unit/services/MeasurementServiceTest.php" line="331" class="tests\unit\services\MeasurementServiceTest" classname="tests.unit.services.MeasurementServiceTest" assertions="7" time="0.005385">
          <system-out>[32m[MQTT] Processing real time data message: {"deviceId":"dev-123","data_series":"series-1","condition_name":"ConditionA","data":[1,2,3]}[0m
</system-out>
        </testcase>
        <testcase name="testProcessRealTimeDataMqttMessageConditionAndFaultNotFound" file="/Users/dominikpalatynski/Public/device-measurement-tracker/yii-app/tests/unit/services/MeasurementServiceTest.php" line="132" class="tests\unit\services\MeasurementServiceTest" classname="tests.unit.services.MeasurementServiceTest" assertions="7" time="0.003080">
          <system-out>[32m[MQTT] Processing real time data message: {"deviceId":"dev-123","data_series":"series-1","condition_name":"ConditionA","data":[1,2,3]}[0m
[31m[MQTT] Error: Fault not found: dev-123[0m
</system-out>
        </testcase>
        <testcase name="testProcessRealTimeDataMqttMessageMongoServiceNull" file="/Users/dominikpalatynski/Public/device-measurement-tracker/yii-app/tests/unit/services/MeasurementServiceTest.php" line="173" class="tests\unit\services\MeasurementServiceTest" classname="tests.unit.services.MeasurementServiceTest" assertions="7" time="0.002874">
          <system-out>[32m[MQTT] Processing real time data message: {"deviceId":"dev-123","data_series":"series-1","condition_name":"ConditionA","data":[1,2,3]}[0m
</system-out>
        </testcase>
      </testsuite>
      <testsuite name="tests\unit\services\MongoDBServiceTest" file="/Users/dominikpalatynski/Public/device-measurement-tracker/yii-app/tests/unit/services/MongoDBServiceTest.php" tests="16" assertions="52" errors="0" failures="0" skipped="0" time="0.016864">
        <testcase name="testCanBeInstantiated" file="/Users/dominikpalatynski/Public/device-measurement-tracker/yii-app/tests/unit/services/MongoDBServiceTest.php" line="37" class="tests\unit\services\MongoDBServiceTest" classname="tests.unit.services.MongoDBServiceTest" assertions="1" time="0.003818"/>
        <testcase name="testSaveMeasurementDataWithMockedService" file="/Users/dominikpalatynski/Public/device-measurement-tracker/yii-app/tests/unit/services/MongoDBServiceTest.php" line="42" class="tests\unit\services\MongoDBServiceTest" classname="tests.unit.services.MongoDBServiceTest" assertions="4" time="0.000809"/>
        <testcase name="testGetMeasurementsWithMockedService" file="/Users/dominikpalatynski/Public/device-measurement-tracker/yii-app/tests/unit/services/MongoDBServiceTest.php" line="87" class="tests\unit\services\MongoDBServiceTest" classname="tests.unit.services.MongoDBServiceTest" assertions="4" time="0.000817"/>
        <testcase name="testDependencyInjectionWorks" file="/Users/dominikpalatynski/Public/device-measurement-tracker/yii-app/tests/unit/services/MongoDBServiceTest.php" line="117" class="tests\unit\services\MongoDBServiceTest" classname="tests.unit.services.MongoDBServiceTest" assertions="3" time="0.000580"/>
        <testcase name="testSaveMeasurementDataWithInvalidData" file="/Users/dominikpalatynski/Public/device-measurement-tracker/yii-app/tests/unit/services/MongoDBServiceTest.php" line="128" class="tests\unit\services\MongoDBServiceTest" classname="tests.unit.services.MongoDBServiceTest" assertions="4" time="0.000789"/>
        <testcase name="testGetMeasurementsWithComplexFilters" file="/Users/dominikpalatynski/Public/device-measurement-tracker/yii-app/tests/unit/services/MongoDBServiceTest.php" line="161" class="tests\unit\services\MongoDBServiceTest" classname="tests.unit.services.MongoDBServiceTest" assertions="5" time="0.000735"/>
        <testcase name="testTestConnectionWithMockedFailure" file="/Users/dominikpalatynski/Public/device-measurement-tracker/yii-app/tests/unit/services/MongoDBServiceTest.php" line="198" class="tests\unit\services\MongoDBServiceTest" classname="tests.unit.services.MongoDBServiceTest" assertions="3" time="0.000593"/>
        <testcase name="testCloseConnection" file="/Users/dominikpalatynski/Public/device-measurement-tracker/yii-app/tests/unit/services/MongoDBServiceTest.php" line="213" class="tests\unit\services\MongoDBServiceTest" classname="tests.unit.services.MongoDBServiceTest" assertions="2" time="0.000584"/>
        <testcase name="testServiceMethodsExist" file="/Users/dominikpalatynski/Public/device-measurement-tracker/yii-app/tests/unit/services/MongoDBServiceTest.php" line="228" class="tests\unit\services\MongoDBServiceTest" classname="tests.unit.services.MongoDBServiceTest" assertions="4" time="0.000527"/>
        <testcase name="testSaveMeasurementDataWithComplexPayload" file="/Users/dominikpalatynski/Public/device-measurement-tracker/yii-app/tests/unit/services/MongoDBServiceTest.php" line="243" class="tests\unit\services\MongoDBServiceTest" classname="tests.unit.services.MongoDBServiceTest" assertions="4" time="0.000588"/>
        <testcase name="testGetMeasurementsWithLimitAndSort" file="/Users/dominikpalatynski/Public/device-measurement-tracker/yii-app/tests/unit/services/MongoDBServiceTest.php" line="278" class="tests\unit\services\MongoDBServiceTest" classname="tests.unit.services.MongoDBServiceTest" assertions="5" time="0.000683"/>
        <testcase name="testClientDependencyInjectionVerification" file="/Users/dominikpalatynski/Public/device-measurement-tracker/yii-app/tests/unit/services/MongoDBServiceTest.php" line="322" class="tests\unit\services\MongoDBServiceTest" classname="tests.unit.services.MongoDBServiceTest" assertions="1" time="0.000578"/>
        <testcase name="testMockClientBehaviorConfiguration" file="/Users/dominikpalatynski/Public/device-measurement-tracker/yii-app/tests/unit/services/MongoDBServiceTest.php" line="341" class="tests\unit\services\MongoDBServiceTest" classname="tests.unit.services.MongoDBServiceTest" assertions="2" time="0.000537"/>
        <testcase name="testSaveMeasurementDataFailureWithMockedService" file="/Users/dominikpalatynski/Public/device-measurement-tracker/yii-app/tests/unit/services/MongoDBServiceTest.php" line="69" class="tests\unit\services\MongoDBServiceTest" classname="tests.unit.services.MongoDBServiceTest" assertions="2" time="0.000609"/>
        <testcase name="testGetMeasurementsWithEmptyFilters" file="/Users/dominikpalatynski/Public/device-measurement-tracker/yii-app/tests/unit/services/MongoDBServiceTest.php" line="144" class="tests\unit\services\MongoDBServiceTest" classname="tests.unit.services.MongoDBServiceTest" assertions="4" time="0.000574"/>
        <testcase name="testServiceWithNullClient" file="/Users/dominikpalatynski/Public/device-measurement-tracker/yii-app/tests/unit/services/MongoDBServiceTest.php" line="309" class="tests\unit\services\MongoDBServiceTest" classname="tests.unit.services.MongoDBServiceTest" assertions="4" time="0.004042"/>
      </testsuite>
    </testsuite>
  </testsuite>
</testsuites>
